[0.007s] Invoking command in '/home/ole/Dev/project-amado/orb_slam3_ros2_ws/build/orbslam3': CMAKE_PREFIX_PATH=${CMAKE_PREFIX_PATH}:/home/ole/Dev/project-amado/tentone-tello-ros2-main/workspace/install/tello:/home/ole/Dev/tello-ros2/workspace/install/tello:/home/ole/Dev/tello-ros2/workspace/install/flask_api_pkg:/home/ole/Dev/tello-ros2/workspace/install/flask-api:/home/ole/Dev/tello-ros2/workspace/install/firestore_pkg:/opt/ros/humble /usr/bin/cmake /home/ole/Dev/project-amado/orb_slam3_ros2_ws/orb_slam3_ros2-main -DAMENT_CMAKE_SYMLINK_INSTALL=1 -DCMAKE_INSTALL_PREFIX=/home/ole/Dev/project-amado/orb_slam3_ros2_ws/install/orbslam3
[0.017s] -- Found ament_cmake: 1.3.8 (/opt/ros/humble/share/ament_cmake/cmake)
[0.098s] -- Override CMake install command with custom implementation using symlinks instead of copying resources
[0.103s] -- Found rclcpp: 16.0.8 (/opt/ros/humble/share/rclcpp/cmake)
[0.125s] -- Found rosidl_generator_c: 3.1.5 (/opt/ros/humble/share/rosidl_generator_c/cmake)
[0.126s] -- Found rosidl_adapter: 3.1.5 (/opt/ros/humble/share/rosidl_adapter/cmake)
[0.130s] -- Found rosidl_generator_cpp: 3.1.5 (/opt/ros/humble/share/rosidl_generator_cpp/cmake)
[0.138s] -- Using all available rosidl_typesupport_c: rosidl_typesupport_fastrtps_c;rosidl_typesupport_introspection_c
[0.150s] -- Using all available rosidl_typesupport_cpp: rosidl_typesupport_fastrtps_cpp;rosidl_typesupport_introspection_cpp
[0.188s] -- Found rmw_implementation_cmake: 6.1.1 (/opt/ros/humble/share/rmw_implementation_cmake/cmake)
[0.189s] -- Found rmw_fastrtps_cpp: 6.2.6 (/opt/ros/humble/share/rmw_fastrtps_cpp/cmake)
[0.274s] -- Using RMW implementation 'rmw_fastrtps_cpp' as default
[0.379s] -- Found sensor_msgs: 4.2.3 (/opt/ros/humble/share/sensor_msgs/cmake)
[0.465s] -- Found cv_bridge: 3.2.1 (/opt/ros/humble/share/cv_bridge/cmake)
[0.470s] -- Found message_filters: 4.3.3 (/opt/ros/humble/share/message_filters/cmake)
[0.478s] -- Found tf2: 0.25.6 (/opt/ros/humble/share/tf2/cmake)
[0.483s] -- Found tf2_ros: 0.25.6 (/opt/ros/humble/share/tf2_ros/cmake)
[0.751s] -- Configuring done
[0.764s] -- Generating done
[0.765s] -- Build files have been written to: /home/ole/Dev/project-amado/orb_slam3_ros2_ws/build/orbslam3
[0.772s] Invoked command in '/home/ole/Dev/project-amado/orb_slam3_ros2_ws/build/orbslam3' returned '0': CMAKE_PREFIX_PATH=${CMAKE_PREFIX_PATH}:/home/ole/Dev/project-amado/tentone-tello-ros2-main/workspace/install/tello:/home/ole/Dev/tello-ros2/workspace/install/tello:/home/ole/Dev/tello-ros2/workspace/install/flask_api_pkg:/home/ole/Dev/tello-ros2/workspace/install/flask-api:/home/ole/Dev/tello-ros2/workspace/install/firestore_pkg:/opt/ros/humble /usr/bin/cmake /home/ole/Dev/project-amado/orb_slam3_ros2_ws/orb_slam3_ros2-main -DAMENT_CMAKE_SYMLINK_INSTALL=1 -DCMAKE_INSTALL_PREFIX=/home/ole/Dev/project-amado/orb_slam3_ros2_ws/install/orbslam3
[0.773s] Invoking command in '/home/ole/Dev/project-amado/orb_slam3_ros2_ws/build/orbslam3': CMAKE_PREFIX_PATH=${CMAKE_PREFIX_PATH}:/home/ole/Dev/project-amado/tentone-tello-ros2-main/workspace/install/tello:/home/ole/Dev/tello-ros2/workspace/install/tello:/home/ole/Dev/tello-ros2/workspace/install/flask_api_pkg:/home/ole/Dev/tello-ros2/workspace/install/flask-api:/home/ole/Dev/tello-ros2/workspace/install/firestore_pkg:/opt/ros/humble /usr/bin/cmake --build /home/ole/Dev/project-amado/orb_slam3_ros2_ws/build/orbslam3 -- -j12 -l12
[0.801s] [35m[1mConsolidate compiler generated dependencies of target mono-inertial[0m
[0.801s] [35m[1mConsolidate compiler generated dependencies of target mono[0m
[0.826s] [ 33%] [32m[1mLinking CXX executable mono-inertial[0m
[0.826s] [ 33%] [32m[1mLinking CXX executable mono[0m
[1.201s] /usr/bin/ld: warning: libopencv_imgcodecs.so.4.5d, needed by /opt/ros/humble/lib/libcv_bridge.so, may conflict with libopencv_imgcodecs.so.3.4
[1.302s] /usr/bin/ld: warning: libopencv_imgcodecs.so.4.5d, needed by /opt/ros/humble/lib/libcv_bridge.so, may conflict with libopencv_imgcodecs.so.3.4
[1.303s] /usr/bin/ld: warning: libopencv_core.so.4.5d, needed by /opt/ros/humble/lib/libcv_bridge.so, may conflict with libopencv_core.so.3.4
[1.654s] [ 66%] Built target mono
[1.838s] [100%] Built target mono-inertial
[1.846s] Invoked command in '/home/ole/Dev/project-amado/orb_slam3_ros2_ws/build/orbslam3' returned '0': CMAKE_PREFIX_PATH=${CMAKE_PREFIX_PATH}:/home/ole/Dev/project-amado/tentone-tello-ros2-main/workspace/install/tello:/home/ole/Dev/tello-ros2/workspace/install/tello:/home/ole/Dev/tello-ros2/workspace/install/flask_api_pkg:/home/ole/Dev/tello-ros2/workspace/install/flask-api:/home/ole/Dev/tello-ros2/workspace/install/firestore_pkg:/opt/ros/humble /usr/bin/cmake --build /home/ole/Dev/project-amado/orb_slam3_ros2_ws/build/orbslam3 -- -j12 -l12
[1.875s] Invoking command in '/home/ole/Dev/project-amado/orb_slam3_ros2_ws/build/orbslam3': CMAKE_PREFIX_PATH=${CMAKE_PREFIX_PATH}:/home/ole/Dev/project-amado/tentone-tello-ros2-main/workspace/install/tello:/home/ole/Dev/tello-ros2/workspace/install/tello:/home/ole/Dev/tello-ros2/workspace/install/flask_api_pkg:/home/ole/Dev/tello-ros2/workspace/install/flask-api:/home/ole/Dev/tello-ros2/workspace/install/firestore_pkg:/opt/ros/humble /usr/bin/cmake --install /home/ole/Dev/project-amado/orb_slam3_ros2_ws/build/orbslam3
[1.881s] -- Install configuration: ""
[1.881s] -- Execute custom install script
[1.881s] -- Symlinking: /home/ole/Dev/project-amado/orb_slam3_ros2_ws/install/orbslam3/lib/orbslam3/mono
[1.887s] -- Symlinking: /home/ole/Dev/project-amado/orb_slam3_ros2_ws/install/orbslam3/lib/orbslam3/mono-inertial
[1.893s] -- Symlinking: /home/ole/Dev/project-amado/orb_slam3_ros2_ws/install/orbslam3/share/orbslam3//launch/tello_mono_inertial.launch.py
[1.904s] -- Symlinking: /home/ole/Dev/project-amado/orb_slam3_ros2_ws/install/orbslam3/share/orbslam3//config/monocular-inertial/EuRoC.yaml
[1.909s] -- Symlinking: /home/ole/Dev/project-amado/orb_slam3_ros2_ws/install/orbslam3/share/orbslam3//config/monocular-inertial/EuRoC_IMU/MH01.txt
[1.916s] -- Symlinking: /home/ole/Dev/project-amado/orb_slam3_ros2_ws/install/orbslam3/share/orbslam3//config/monocular-inertial/EuRoC_IMU/MH02.txt
[1.923s] -- Symlinking: /home/ole/Dev/project-amado/orb_slam3_ros2_ws/install/orbslam3/share/orbslam3//config/monocular-inertial/EuRoC_IMU/MH03.txt
[1.931s] -- Symlinking: /home/ole/Dev/project-amado/orb_slam3_ros2_ws/install/orbslam3/share/orbslam3//config/monocular-inertial/EuRoC_IMU/MH04.txt
[1.942s] -- Symlinking: /home/ole/Dev/project-amado/orb_slam3_ros2_ws/install/orbslam3/share/orbslam3//config/monocular-inertial/EuRoC_IMU/MH05.txt
[1.953s] -- Symlinking: /home/ole/Dev/project-amado/orb_slam3_ros2_ws/install/orbslam3/share/orbslam3//config/monocular-inertial/EuRoC_IMU/V101.txt
[1.964s] -- Symlinking: /home/ole/Dev/project-amado/orb_slam3_ros2_ws/install/orbslam3/share/orbslam3//config/monocular-inertial/EuRoC_IMU/V102.txt
[1.971s] -- Symlinking: /home/ole/Dev/project-amado/orb_slam3_ros2_ws/install/orbslam3/share/orbslam3//config/monocular-inertial/EuRoC_IMU/V103.txt
[1.978s] -- Symlinking: /home/ole/Dev/project-amado/orb_slam3_ros2_ws/install/orbslam3/share/orbslam3//config/monocular-inertial/EuRoC_IMU/V201.txt
[1.985s] -- Symlinking: /home/ole/Dev/project-amado/orb_slam3_ros2_ws/install/orbslam3/share/orbslam3//config/monocular-inertial/EuRoC_IMU/V202.txt
[1.992s] -- Symlinking: /home/ole/Dev/project-amado/orb_slam3_ros2_ws/install/orbslam3/share/orbslam3//config/monocular-inertial/EuRoC_IMU/V203.txt
[1.999s] -- Symlinking: /home/ole/Dev/project-amado/orb_slam3_ros2_ws/install/orbslam3/share/orbslam3//config/monocular-inertial/EuRoC_TimeStamps/MH01.txt
[2.006s] -- Symlinking: /home/ole/Dev/project-amado/orb_slam3_ros2_ws/install/orbslam3/share/orbslam3//config/monocular-inertial/EuRoC_TimeStamps/MH02.txt
[2.012s] -- Symlinking: /home/ole/Dev/project-amado/orb_slam3_ros2_ws/install/orbslam3/share/orbslam3//config/monocular-inertial/EuRoC_TimeStamps/MH03.txt
[2.018s] -- Symlinking: /home/ole/Dev/project-amado/orb_slam3_ros2_ws/install/orbslam3/share/orbslam3//config/monocular-inertial/EuRoC_TimeStamps/MH04.txt
[2.026s] -- Symlinking: /home/ole/Dev/project-amado/orb_slam3_ros2_ws/install/orbslam3/share/orbslam3//config/monocular-inertial/EuRoC_TimeStamps/MH05.txt
[2.033s] -- Symlinking: /home/ole/Dev/project-amado/orb_slam3_ros2_ws/install/orbslam3/share/orbslam3//config/monocular-inertial/EuRoC_TimeStamps/V101.txt
[2.039s] -- Symlinking: /home/ole/Dev/project-amado/orb_slam3_ros2_ws/install/orbslam3/share/orbslam3//config/monocular-inertial/EuRoC_TimeStamps/V102.txt
[2.045s] -- Symlinking: /home/ole/Dev/project-amado/orb_slam3_ros2_ws/install/orbslam3/share/orbslam3//config/monocular-inertial/EuRoC_TimeStamps/V103.txt
[2.051s] -- Symlinking: /home/ole/Dev/project-amado/orb_slam3_ros2_ws/install/orbslam3/share/orbslam3//config/monocular-inertial/EuRoC_TimeStamps/V201.txt
[2.058s] -- Symlinking: /home/ole/Dev/project-amado/orb_slam3_ros2_ws/install/orbslam3/share/orbslam3//config/monocular-inertial/EuRoC_TimeStamps/V202.txt
[2.064s] -- Symlinking: /home/ole/Dev/project-amado/orb_slam3_ros2_ws/install/orbslam3/share/orbslam3//config/monocular-inertial/EuRoC_TimeStamps/V203.txt
[2.069s] -- Symlinking: /home/ole/Dev/project-amado/orb_slam3_ros2_ws/install/orbslam3/share/orbslam3//config/monocular-inertial/MultiSession/EuRoC_MH01.yaml
[2.078s] -- Symlinking: /home/ole/Dev/project-amado/orb_slam3_ros2_ws/install/orbslam3/share/orbslam3//config/monocular-inertial/MultiSession/EuRoC_MH02.yaml
[2.084s] -- Symlinking: /home/ole/Dev/project-amado/orb_slam3_ros2_ws/install/orbslam3/share/orbslam3//config/monocular-inertial/MultiSession/EuRoC_MH03.yaml
[2.090s] -- Symlinking: /home/ole/Dev/project-amado/orb_slam3_ros2_ws/install/orbslam3/share/orbslam3//config/monocular-inertial/MultiSession/EuRoC_MH04.yaml
[2.097s] -- Symlinking: /home/ole/Dev/project-amado/orb_slam3_ros2_ws/install/orbslam3/share/orbslam3//config/monocular-inertial/MultiSession/EuRoC_MH05.yaml
[2.103s] -- Symlinking: /home/ole/Dev/project-amado/orb_slam3_ros2_ws/install/orbslam3/share/orbslam3//config/monocular-inertial/MultiSession/EuRoC_V101.yaml
[2.109s] -- Symlinking: /home/ole/Dev/project-amado/orb_slam3_ros2_ws/install/orbslam3/share/orbslam3//config/monocular-inertial/MultiSession/EuRoC_V102.yaml
[2.116s] -- Symlinking: /home/ole/Dev/project-amado/orb_slam3_ros2_ws/install/orbslam3/share/orbslam3//config/monocular-inertial/MultiSession/EuRoC_V103.yaml
[2.126s] -- Symlinking: /home/ole/Dev/project-amado/orb_slam3_ros2_ws/install/orbslam3/share/orbslam3//config/monocular-inertial/MultiSession/EuRoC_V201.yaml
[2.133s] -- Symlinking: /home/ole/Dev/project-amado/orb_slam3_ros2_ws/install/orbslam3/share/orbslam3//config/monocular-inertial/MultiSession/EuRoC_V202.yaml
[2.140s] -- Symlinking: /home/ole/Dev/project-amado/orb_slam3_ros2_ws/install/orbslam3/share/orbslam3//config/monocular-inertial/MultiSession/EuRoC_V203.yaml
[2.147s] -- Symlinking: /home/ole/Dev/project-amado/orb_slam3_ros2_ws/install/orbslam3/share/orbslam3//config/monocular-inertial/RealSense_D435i.yaml
[2.153s] -- Symlinking: /home/ole/Dev/project-amado/orb_slam3_ros2_ws/install/orbslam3/share/orbslam3//config/monocular-inertial/RealSense_T265.yaml
[2.159s] -- Symlinking: /home/ole/Dev/project-amado/orb_slam3_ros2_ws/install/orbslam3/share/orbslam3//config/monocular-inertial/TELLO.yaml
[2.165s] -- Symlinking: /home/ole/Dev/project-amado/orb_slam3_ros2_ws/install/orbslam3/share/orbslam3//config/monocular-inertial/TUM-VI.yaml
[2.172s] -- Symlinking: /home/ole/Dev/project-amado/orb_slam3_ros2_ws/install/orbslam3/share/orbslam3//config/monocular-inertial/TUM-VI_far.yaml
[2.178s] -- Symlinking: /home/ole/Dev/project-amado/orb_slam3_ros2_ws/install/orbslam3/share/orbslam3//config/monocular-inertial/TUM_IMU/dataset-corridor1_512.txt
[2.186s] -- Symlinking: /home/ole/Dev/project-amado/orb_slam3_ros2_ws/install/orbslam3/share/orbslam3//config/monocular-inertial/TUM_IMU/dataset-corridor2_1024.txt
[2.191s] -- Symlinking: /home/ole/Dev/project-amado/orb_slam3_ros2_ws/install/orbslam3/share/orbslam3//config/monocular-inertial/TUM_IMU/dataset-corridor2_512.txt
[2.197s] -- Symlinking: /home/ole/Dev/project-amado/orb_slam3_ros2_ws/install/orbslam3/share/orbslam3//config/monocular-inertial/TUM_IMU/dataset-corridor3_512.txt
[2.204s] -- Symlinking: /home/ole/Dev/project-amado/orb_slam3_ros2_ws/install/orbslam3/share/orbslam3//config/monocular-inertial/TUM_IMU/dataset-corridor4_512.txt
[2.209s] -- Symlinking: /home/ole/Dev/project-amado/orb_slam3_ros2_ws/install/orbslam3/share/orbslam3//config/monocular-inertial/TUM_IMU/dataset-corridor5_512.txt
[2.216s] -- Symlinking: /home/ole/Dev/project-amado/orb_slam3_ros2_ws/install/orbslam3/share/orbslam3//config/monocular-inertial/TUM_IMU/dataset-magistrale1_512.txt
[2.226s] -- Symlinking: /home/ole/Dev/project-amado/orb_slam3_ros2_ws/install/orbslam3/share/orbslam3//config/monocular-inertial/TUM_IMU/dataset-magistrale2_512.txt
[2.234s] -- Symlinking: /home/ole/Dev/project-amado/orb_slam3_ros2_ws/install/orbslam3/share/orbslam3//config/monocular-inertial/TUM_IMU/dataset-magistrale3_512.txt
[2.242s] -- Symlinking: /home/ole/Dev/project-amado/orb_slam3_ros2_ws/install/orbslam3/share/orbslam3//config/monocular-inertial/TUM_IMU/dataset-magistrale4_512.txt
[2.250s] -- Symlinking: /home/ole/Dev/project-amado/orb_slam3_ros2_ws/install/orbslam3/share/orbslam3//config/monocular-inertial/TUM_IMU/dataset-magistrale5_512.txt
[2.257s] -- Symlinking: /home/ole/Dev/project-amado/orb_slam3_ros2_ws/install/orbslam3/share/orbslam3//config/monocular-inertial/TUM_IMU/dataset-magistrale6_512.txt
[2.264s] -- Symlinking: /home/ole/Dev/project-amado/orb_slam3_ros2_ws/install/orbslam3/share/orbslam3//config/monocular-inertial/TUM_IMU/dataset-outdoors1_512.txt
[2.273s] -- Symlinking: /home/ole/Dev/project-amado/orb_slam3_ros2_ws/install/orbslam3/share/orbslam3//config/monocular-inertial/TUM_IMU/dataset-outdoors2_512.txt
[2.281s] -- Symlinking: /home/ole/Dev/project-amado/orb_slam3_ros2_ws/install/orbslam3/share/orbslam3//config/monocular-inertial/TUM_IMU/dataset-outdoors3_512.txt
[2.288s] -- Symlinking: /home/ole/Dev/project-amado/orb_slam3_ros2_ws/install/orbslam3/share/orbslam3//config/monocular-inertial/TUM_IMU/dataset-outdoors4_512.txt
[2.295s] -- Symlinking: /home/ole/Dev/project-amado/orb_slam3_ros2_ws/install/orbslam3/share/orbslam3//config/monocular-inertial/TUM_IMU/dataset-outdoors5_512.txt
[2.302s] -- Symlinking: /home/ole/Dev/project-amado/orb_slam3_ros2_ws/install/orbslam3/share/orbslam3//config/monocular-inertial/TUM_IMU/dataset-outdoors6_512.txt
[2.310s] -- Symlinking: /home/ole/Dev/project-amado/orb_slam3_ros2_ws/install/orbslam3/share/orbslam3//config/monocular-inertial/TUM_IMU/dataset-outdoors7_512.txt
[2.318s] -- Symlinking: /home/ole/Dev/project-amado/orb_slam3_ros2_ws/install/orbslam3/share/orbslam3//config/monocular-inertial/TUM_IMU/dataset-outdoors8_512.txt
[2.327s] -- Symlinking: /home/ole/Dev/project-amado/orb_slam3_ros2_ws/install/orbslam3/share/orbslam3//config/monocular-inertial/TUM_IMU/dataset-room1_512.txt
[2.333s] -- Symlinking: /home/ole/Dev/project-amado/orb_slam3_ros2_ws/install/orbslam3/share/orbslam3//config/monocular-inertial/TUM_IMU/dataset-room2_512.txt
[2.339s] -- Symlinking: /home/ole/Dev/project-amado/orb_slam3_ros2_ws/install/orbslam3/share/orbslam3//config/monocular-inertial/TUM_IMU/dataset-room3_512.txt
[2.346s] -- Symlinking: /home/ole/Dev/project-amado/orb_slam3_ros2_ws/install/orbslam3/share/orbslam3//config/monocular-inertial/TUM_IMU/dataset-room4_512.txt
[2.352s] -- Symlinking: /home/ole/Dev/project-amado/orb_slam3_ros2_ws/install/orbslam3/share/orbslam3//config/monocular-inertial/TUM_IMU/dataset-room5_512.txt
[2.359s] -- Symlinking: /home/ole/Dev/project-amado/orb_slam3_ros2_ws/install/orbslam3/share/orbslam3//config/monocular-inertial/TUM_IMU/dataset-room6_512.txt
[2.365s] -- Symlinking: /home/ole/Dev/project-amado/orb_slam3_ros2_ws/install/orbslam3/share/orbslam3//config/monocular-inertial/TUM_IMU/dataset-slides1_512.txt
[2.372s] -- Symlinking: /home/ole/Dev/project-amado/orb_slam3_ros2_ws/install/orbslam3/share/orbslam3//config/monocular-inertial/TUM_IMU/dataset-slides2_512.txt
[2.379s] -- Symlinking: /home/ole/Dev/project-amado/orb_slam3_ros2_ws/install/orbslam3/share/orbslam3//config/monocular-inertial/TUM_IMU/dataset-slides3_512.txt
[2.386s] -- Symlinking: /home/ole/Dev/project-amado/orb_slam3_ros2_ws/install/orbslam3/share/orbslam3//config/monocular-inertial/TUM_TimeStamps/dataset-corridor1_512.txt
[2.391s] -- Symlinking: /home/ole/Dev/project-amado/orb_slam3_ros2_ws/install/orbslam3/share/orbslam3//config/monocular-inertial/TUM_TimeStamps/dataset-corridor2_1024.txt
[2.396s] -- Symlinking: /home/ole/Dev/project-amado/orb_slam3_ros2_ws/install/orbslam3/share/orbslam3//config/monocular-inertial/TUM_TimeStamps/dataset-corridor2_512.txt
[2.402s] -- Symlinking: /home/ole/Dev/project-amado/orb_slam3_ros2_ws/install/orbslam3/share/orbslam3//config/monocular-inertial/TUM_TimeStamps/dataset-corridor3_512.txt
[2.408s] -- Symlinking: /home/ole/Dev/project-amado/orb_slam3_ros2_ws/install/orbslam3/share/orbslam3//config/monocular-inertial/TUM_TimeStamps/dataset-corridor4_512.txt
[2.413s] -- Symlinking: /home/ole/Dev/project-amado/orb_slam3_ros2_ws/install/orbslam3/share/orbslam3//config/monocular-inertial/TUM_TimeStamps/dataset-corridor5_512.txt
[2.420s] -- Symlinking: /home/ole/Dev/project-amado/orb_slam3_ros2_ws/install/orbslam3/share/orbslam3//config/monocular-inertial/TUM_TimeStamps/dataset-magistrale1_512.txt
[2.427s] -- Symlinking: /home/ole/Dev/project-amado/orb_slam3_ros2_ws/install/orbslam3/share/orbslam3//config/monocular-inertial/TUM_TimeStamps/dataset-magistrale2_512.txt
[2.433s] -- Symlinking: /home/ole/Dev/project-amado/orb_slam3_ros2_ws/install/orbslam3/share/orbslam3//config/monocular-inertial/TUM_TimeStamps/dataset-magistrale3_512.txt
[2.439s] -- Symlinking: /home/ole/Dev/project-amado/orb_slam3_ros2_ws/install/orbslam3/share/orbslam3//config/monocular-inertial/TUM_TimeStamps/dataset-magistrale4_512.txt
[2.446s] -- Symlinking: /home/ole/Dev/project-amado/orb_slam3_ros2_ws/install/orbslam3/share/orbslam3//config/monocular-inertial/TUM_TimeStamps/dataset-magistrale5_512.txt
[2.451s] -- Symlinking: /home/ole/Dev/project-amado/orb_slam3_ros2_ws/install/orbslam3/share/orbslam3//config/monocular-inertial/TUM_TimeStamps/dataset-magistrale6_512.txt
[2.458s] -- Symlinking: /home/ole/Dev/project-amado/orb_slam3_ros2_ws/install/orbslam3/share/orbslam3//config/monocular-inertial/TUM_TimeStamps/dataset-outdoors1_512.txt
[2.465s] -- Symlinking: /home/ole/Dev/project-amado/orb_slam3_ros2_ws/install/orbslam3/share/orbslam3//config/monocular-inertial/TUM_TimeStamps/dataset-outdoors2_512.txt
[2.471s] -- Symlinking: /home/ole/Dev/project-amado/orb_slam3_ros2_ws/install/orbslam3/share/orbslam3//config/monocular-inertial/TUM_TimeStamps/dataset-outdoors3_512.txt
[2.479s] -- Symlinking: /home/ole/Dev/project-amado/orb_slam3_ros2_ws/install/orbslam3/share/orbslam3//config/monocular-inertial/TUM_TimeStamps/dataset-outdoors4_512.txt
[2.485s] -- Symlinking: /home/ole/Dev/project-amado/orb_slam3_ros2_ws/install/orbslam3/share/orbslam3//config/monocular-inertial/TUM_TimeStamps/dataset-outdoors5_512.txt
[2.492s] -- Symlinking: /home/ole/Dev/project-amado/orb_slam3_ros2_ws/install/orbslam3/share/orbslam3//config/monocular-inertial/TUM_TimeStamps/dataset-outdoors6_512.txt
[2.499s] -- Symlinking: /home/ole/Dev/project-amado/orb_slam3_ros2_ws/install/orbslam3/share/orbslam3//config/monocular-inertial/TUM_TimeStamps/dataset-outdoors7_512.txt
[2.507s] -- Symlinking: /home/ole/Dev/project-amado/orb_slam3_ros2_ws/install/orbslam3/share/orbslam3//config/monocular-inertial/TUM_TimeStamps/dataset-outdoors8_512.txt
[2.514s] -- Symlinking: /home/ole/Dev/project-amado/orb_slam3_ros2_ws/install/orbslam3/share/orbslam3//config/monocular-inertial/TUM_TimeStamps/dataset-room1_512.txt
[2.521s] -- Symlinking: /home/ole/Dev/project-amado/orb_slam3_ros2_ws/install/orbslam3/share/orbslam3//config/monocular-inertial/TUM_TimeStamps/dataset-room2_512.txt
[2.528s] -- Symlinking: /home/ole/Dev/project-amado/orb_slam3_ros2_ws/install/orbslam3/share/orbslam3//config/monocular-inertial/TUM_TimeStamps/dataset-room3_512.txt
[2.534s] -- Symlinking: /home/ole/Dev/project-amado/orb_slam3_ros2_ws/install/orbslam3/share/orbslam3//config/monocular-inertial/TUM_TimeStamps/dataset-room4_512.txt
[2.540s] -- Symlinking: /home/ole/Dev/project-amado/orb_slam3_ros2_ws/install/orbslam3/share/orbslam3//config/monocular-inertial/TUM_TimeStamps/dataset-room5_512.txt
[2.547s] -- Symlinking: /home/ole/Dev/project-amado/orb_slam3_ros2_ws/install/orbslam3/share/orbslam3//config/monocular-inertial/TUM_TimeStamps/dataset-room6_512.txt
[2.553s] -- Symlinking: /home/ole/Dev/project-amado/orb_slam3_ros2_ws/install/orbslam3/share/orbslam3//config/monocular-inertial/TUM_TimeStamps/dataset-slides1_512.txt
[2.558s] -- Symlinking: /home/ole/Dev/project-amado/orb_slam3_ros2_ws/install/orbslam3/share/orbslam3//config/monocular-inertial/TUM_TimeStamps/dataset-slides2_512.txt
[2.564s] -- Symlinking: /home/ole/Dev/project-amado/orb_slam3_ros2_ws/install/orbslam3/share/orbslam3//config/monocular-inertial/TUM_TimeStamps/dataset-slides3_512.txt
[2.571s] -- Symlinking: /home/ole/Dev/project-amado/orb_slam3_ros2_ws/install/orbslam3/share/orbslam3//config/monocular/EuRoC.yaml
[2.576s] -- Symlinking: /home/ole/Dev/project-amado/orb_slam3_ros2_ws/install/orbslam3/share/orbslam3//config/monocular/EuRoC_TimeStamps/MH01.txt
[2.582s] -- Symlinking: /home/ole/Dev/project-amado/orb_slam3_ros2_ws/install/orbslam3/share/orbslam3//config/monocular/EuRoC_TimeStamps/MH02.txt
[2.588s] -- Symlinking: /home/ole/Dev/project-amado/orb_slam3_ros2_ws/install/orbslam3/share/orbslam3//config/monocular/EuRoC_TimeStamps/MH03.txt
[2.593s] -- Symlinking: /home/ole/Dev/project-amado/orb_slam3_ros2_ws/install/orbslam3/share/orbslam3//config/monocular/EuRoC_TimeStamps/MH04.txt
[2.599s] -- Symlinking: /home/ole/Dev/project-amado/orb_slam3_ros2_ws/install/orbslam3/share/orbslam3//config/monocular/EuRoC_TimeStamps/MH05.txt
[2.604s] -- Symlinking: /home/ole/Dev/project-amado/orb_slam3_ros2_ws/install/orbslam3/share/orbslam3//config/monocular/EuRoC_TimeStamps/V101.txt
[2.610s] -- Symlinking: /home/ole/Dev/project-amado/orb_slam3_ros2_ws/install/orbslam3/share/orbslam3//config/monocular/EuRoC_TimeStamps/V102.txt
[2.617s] -- Symlinking: /home/ole/Dev/project-amado/orb_slam3_ros2_ws/install/orbslam3/share/orbslam3//config/monocular/EuRoC_TimeStamps/V103.txt
[2.624s] -- Symlinking: /home/ole/Dev/project-amado/orb_slam3_ros2_ws/install/orbslam3/share/orbslam3//config/monocular/EuRoC_TimeStamps/V201.txt
[2.631s] -- Symlinking: /home/ole/Dev/project-amado/orb_slam3_ros2_ws/install/orbslam3/share/orbslam3//config/monocular/EuRoC_TimeStamps/V202.txt
[2.638s] -- Symlinking: /home/ole/Dev/project-amado/orb_slam3_ros2_ws/install/orbslam3/share/orbslam3//config/monocular/EuRoC_TimeStamps/V203.txt
[2.645s] -- Symlinking: /home/ole/Dev/project-amado/orb_slam3_ros2_ws/install/orbslam3/share/orbslam3//config/monocular/KITTI00-02.yaml
[2.651s] -- Symlinking: /home/ole/Dev/project-amado/orb_slam3_ros2_ws/install/orbslam3/share/orbslam3//config/monocular/KITTI03.yaml
[2.657s] -- Symlinking: /home/ole/Dev/project-amado/orb_slam3_ros2_ws/install/orbslam3/share/orbslam3//config/monocular/KITTI04-12.yaml
[2.664s] -- Symlinking: /home/ole/Dev/project-amado/orb_slam3_ros2_ws/install/orbslam3/share/orbslam3//config/monocular/MultiSession/EuRoC_MH01.yaml
[2.670s] -- Symlinking: /home/ole/Dev/project-amado/orb_slam3_ros2_ws/install/orbslam3/share/orbslam3//config/monocular/MultiSession/EuRoC_MH02.yaml
[2.676s] -- Symlinking: /home/ole/Dev/project-amado/orb_slam3_ros2_ws/install/orbslam3/share/orbslam3//config/monocular/MultiSession/EuRoC_MH03.yaml
[2.682s] -- Symlinking: /home/ole/Dev/project-amado/orb_slam3_ros2_ws/install/orbslam3/share/orbslam3//config/monocular/MultiSession/EuRoC_MH04.yaml
[2.688s] -- Symlinking: /home/ole/Dev/project-amado/orb_slam3_ros2_ws/install/orbslam3/share/orbslam3//config/monocular/MultiSession/EuRoC_MH05.yaml
[2.694s] -- Symlinking: /home/ole/Dev/project-amado/orb_slam3_ros2_ws/install/orbslam3/share/orbslam3//config/monocular/MultiSession/EuRoC_V101.yaml
[2.699s] -- Symlinking: /home/ole/Dev/project-amado/orb_slam3_ros2_ws/install/orbslam3/share/orbslam3//config/monocular/MultiSession/EuRoC_V102.yaml
[2.706s] -- Symlinking: /home/ole/Dev/project-amado/orb_slam3_ros2_ws/install/orbslam3/share/orbslam3//config/monocular/MultiSession/EuRoC_V103.yaml
[2.712s] -- Symlinking: /home/ole/Dev/project-amado/orb_slam3_ros2_ws/install/orbslam3/share/orbslam3//config/monocular/MultiSession/EuRoC_V201.yaml
[2.719s] -- Symlinking: /home/ole/Dev/project-amado/orb_slam3_ros2_ws/install/orbslam3/share/orbslam3//config/monocular/MultiSession/EuRoC_V202.yaml
[2.726s] -- Symlinking: /home/ole/Dev/project-amado/orb_slam3_ros2_ws/install/orbslam3/share/orbslam3//config/monocular/MultiSession/EuRoC_V203.yaml
[2.733s] -- Symlinking: /home/ole/Dev/project-amado/orb_slam3_ros2_ws/install/orbslam3/share/orbslam3//config/monocular/RealSense_D435i.yaml
[2.739s] -- Symlinking: /home/ole/Dev/project-amado/orb_slam3_ros2_ws/install/orbslam3/share/orbslam3//config/monocular/RealSense_T265.yaml
[2.745s] -- Symlinking: /home/ole/Dev/project-amado/orb_slam3_ros2_ws/install/orbslam3/share/orbslam3//config/monocular/TELLO.yaml
[2.751s] -- Symlinking: /home/ole/Dev/project-amado/orb_slam3_ros2_ws/install/orbslam3/share/orbslam3//config/monocular/TUM-VI.yaml
[2.757s] -- Symlinking: /home/ole/Dev/project-amado/orb_slam3_ros2_ws/install/orbslam3/share/orbslam3//config/monocular/TUM1.yaml
[2.763s] -- Symlinking: /home/ole/Dev/project-amado/orb_slam3_ros2_ws/install/orbslam3/share/orbslam3//config/monocular/TUM2.yaml
[2.768s] -- Symlinking: /home/ole/Dev/project-amado/orb_slam3_ros2_ws/install/orbslam3/share/orbslam3//config/monocular/TUM3.yaml
[2.774s] -- Symlinking: /home/ole/Dev/project-amado/orb_slam3_ros2_ws/install/orbslam3/share/orbslam3//config/monocular/TUM_TimeStamps/dataset-corridor1_512.txt
[2.780s] -- Symlinking: /home/ole/Dev/project-amado/orb_slam3_ros2_ws/install/orbslam3/share/orbslam3//config/monocular/TUM_TimeStamps/dataset-corridor2_1024.txt
[2.785s] -- Symlinking: /home/ole/Dev/project-amado/orb_slam3_ros2_ws/install/orbslam3/share/orbslam3//config/monocular/TUM_TimeStamps/dataset-corridor2_512.txt
[2.791s] -- Symlinking: /home/ole/Dev/project-amado/orb_slam3_ros2_ws/install/orbslam3/share/orbslam3//config/monocular/TUM_TimeStamps/dataset-corridor3_512.txt
[2.796s] -- Symlinking: /home/ole/Dev/project-amado/orb_slam3_ros2_ws/install/orbslam3/share/orbslam3//config/monocular/TUM_TimeStamps/dataset-corridor4_512.txt
[2.803s] -- Symlinking: /home/ole/Dev/project-amado/orb_slam3_ros2_ws/install/orbslam3/share/orbslam3//config/monocular/TUM_TimeStamps/dataset-corridor5_512.txt
[2.810s] -- Symlinking: /home/ole/Dev/project-amado/orb_slam3_ros2_ws/install/orbslam3/share/orbslam3//config/monocular/TUM_TimeStamps/dataset-magistrale1_512.txt
[2.817s] -- Symlinking: /home/ole/Dev/project-amado/orb_slam3_ros2_ws/install/orbslam3/share/orbslam3//config/monocular/TUM_TimeStamps/dataset-magistrale2_512.txt
[2.826s] -- Symlinking: /home/ole/Dev/project-amado/orb_slam3_ros2_ws/install/orbslam3/share/orbslam3//config/monocular/TUM_TimeStamps/dataset-magistrale3_512.txt
[2.835s] -- Symlinking: /home/ole/Dev/project-amado/orb_slam3_ros2_ws/install/orbslam3/share/orbslam3//config/monocular/TUM_TimeStamps/dataset-magistrale4_512.txt
[2.841s] -- Symlinking: /home/ole/Dev/project-amado/orb_slam3_ros2_ws/install/orbslam3/share/orbslam3//config/monocular/TUM_TimeStamps/dataset-magistrale5_512.txt
[2.846s] -- Symlinking: /home/ole/Dev/project-amado/orb_slam3_ros2_ws/install/orbslam3/share/orbslam3//config/monocular/TUM_TimeStamps/dataset-magistrale6_512.txt
[2.852s] -- Symlinking: /home/ole/Dev/project-amado/orb_slam3_ros2_ws/install/orbslam3/share/orbslam3//config/monocular/TUM_TimeStamps/dataset-outdoors1_512.txt
[2.857s] -- Symlinking: /home/ole/Dev/project-amado/orb_slam3_ros2_ws/install/orbslam3/share/orbslam3//config/monocular/TUM_TimeStamps/dataset-outdoors2_512.txt
[2.863s] -- Symlinking: /home/ole/Dev/project-amado/orb_slam3_ros2_ws/install/orbslam3/share/orbslam3//config/monocular/TUM_TimeStamps/dataset-outdoors3_512.txt
[2.869s] -- Symlinking: /home/ole/Dev/project-amado/orb_slam3_ros2_ws/install/orbslam3/share/orbslam3//config/monocular/TUM_TimeStamps/dataset-outdoors4_512.txt
[2.875s] -- Symlinking: /home/ole/Dev/project-amado/orb_slam3_ros2_ws/install/orbslam3/share/orbslam3//config/monocular/TUM_TimeStamps/dataset-outdoors5_512.txt
[2.880s] -- Symlinking: /home/ole/Dev/project-amado/orb_slam3_ros2_ws/install/orbslam3/share/orbslam3//config/monocular/TUM_TimeStamps/dataset-outdoors6_512.txt
[2.885s] -- Symlinking: /home/ole/Dev/project-amado/orb_slam3_ros2_ws/install/orbslam3/share/orbslam3//config/monocular/TUM_TimeStamps/dataset-outdoors7_512.txt
[2.891s] -- Symlinking: /home/ole/Dev/project-amado/orb_slam3_ros2_ws/install/orbslam3/share/orbslam3//config/monocular/TUM_TimeStamps/dataset-outdoors8_512.txt
[2.896s] -- Symlinking: /home/ole/Dev/project-amado/orb_slam3_ros2_ws/install/orbslam3/share/orbslam3//config/monocular/TUM_TimeStamps/dataset-room1_512.txt
[2.901s] -- Symlinking: /home/ole/Dev/project-amado/orb_slam3_ros2_ws/install/orbslam3/share/orbslam3//config/monocular/TUM_TimeStamps/dataset-room2_512.txt
[2.906s] -- Symlinking: /home/ole/Dev/project-amado/orb_slam3_ros2_ws/install/orbslam3/share/orbslam3//config/monocular/TUM_TimeStamps/dataset-room3_512.txt
[2.917s] -- Symlinking: /home/ole/Dev/project-amado/orb_slam3_ros2_ws/install/orbslam3/share/orbslam3//config/monocular/TUM_TimeStamps/dataset-room4_512.txt
[2.928s] -- Symlinking: /home/ole/Dev/project-amado/orb_slam3_ros2_ws/install/orbslam3/share/orbslam3//config/monocular/TUM_TimeStamps/dataset-room5_512.txt
[2.937s] -- Symlinking: /home/ole/Dev/project-amado/orb_slam3_ros2_ws/install/orbslam3/share/orbslam3//config/monocular/TUM_TimeStamps/dataset-room6_512.txt
[2.943s] -- Symlinking: /home/ole/Dev/project-amado/orb_slam3_ros2_ws/install/orbslam3/share/orbslam3//config/monocular/TUM_TimeStamps/dataset-slides1_512.txt
[2.948s] -- Symlinking: /home/ole/Dev/project-amado/orb_slam3_ros2_ws/install/orbslam3/share/orbslam3//config/monocular/TUM_TimeStamps/dataset-slides2_512.txt
[2.954s] -- Symlinking: /home/ole/Dev/project-amado/orb_slam3_ros2_ws/install/orbslam3/share/orbslam3//config/monocular/TUM_TimeStamps/dataset-slides3_512.txt
[2.960s] -- Symlinking: /home/ole/Dev/project-amado/orb_slam3_ros2_ws/install/orbslam3/share/orbslam3//config/rgb-d-inertial/RealSense_D435i.yaml
[2.965s] -- Symlinking: /home/ole/Dev/project-amado/orb_slam3_ros2_ws/install/orbslam3/share/orbslam3//config/rgb-d/RealSense_D435i.yaml
[2.970s] -- Symlinking: /home/ole/Dev/project-amado/orb_slam3_ros2_ws/install/orbslam3/share/orbslam3//config/rgb-d/TUM1.yaml
[2.976s] -- Symlinking: /home/ole/Dev/project-amado/orb_slam3_ros2_ws/install/orbslam3/share/orbslam3//config/rgb-d/TUM2.yaml
[2.981s] -- Symlinking: /home/ole/Dev/project-amado/orb_slam3_ros2_ws/install/orbslam3/share/orbslam3//config/rgb-d/TUM3.yaml
[2.987s] -- Symlinking: /home/ole/Dev/project-amado/orb_slam3_ros2_ws/install/orbslam3/share/orbslam3//config/rgb-d/associations/fr1_desk.txt
[2.993s] -- Symlinking: /home/ole/Dev/project-amado/orb_slam3_ros2_ws/install/orbslam3/share/orbslam3//config/rgb-d/associations/fr1_desk2.txt
[2.999s] -- Symlinking: /home/ole/Dev/project-amado/orb_slam3_ros2_ws/install/orbslam3/share/orbslam3//config/rgb-d/associations/fr1_room.txt
[3.005s] -- Symlinking: /home/ole/Dev/project-amado/orb_slam3_ros2_ws/install/orbslam3/share/orbslam3//config/rgb-d/associations/fr1_xyz.txt
[3.011s] -- Symlinking: /home/ole/Dev/project-amado/orb_slam3_ros2_ws/install/orbslam3/share/orbslam3//config/rgb-d/associations/fr2_desk.txt
[3.017s] -- Symlinking: /home/ole/Dev/project-amado/orb_slam3_ros2_ws/install/orbslam3/share/orbslam3//config/rgb-d/associations/fr2_xyz.txt
[3.024s] -- Symlinking: /home/ole/Dev/project-amado/orb_slam3_ros2_ws/install/orbslam3/share/orbslam3//config/rgb-d/associations/fr3_nstr_tex_near.txt
[3.033s] -- Symlinking: /home/ole/Dev/project-amado/orb_slam3_ros2_ws/install/orbslam3/share/orbslam3//config/rgb-d/associations/fr3_office.txt
[3.039s] -- Symlinking: /home/ole/Dev/project-amado/orb_slam3_ros2_ws/install/orbslam3/share/orbslam3//config/rgb-d/associations/fr3_office_val.txt
[3.045s] -- Symlinking: /home/ole/Dev/project-amado/orb_slam3_ros2_ws/install/orbslam3/share/orbslam3//config/rgb-d/associations/fr3_str_tex_far.txt
[3.050s] -- Symlinking: /home/ole/Dev/project-amado/orb_slam3_ros2_ws/install/orbslam3/share/orbslam3//config/rgb-d/associations/fr3_str_tex_near.txt
[3.056s] -- Symlinking: /home/ole/Dev/project-amado/orb_slam3_ros2_ws/install/orbslam3/share/orbslam3//config/stereo-inertial/EuRoC.yaml
[3.062s] -- Symlinking: /home/ole/Dev/project-amado/orb_slam3_ros2_ws/install/orbslam3/share/orbslam3//config/stereo-inertial/EuRoC_IMU/MH01.txt
[3.068s] -- Symlinking: /home/ole/Dev/project-amado/orb_slam3_ros2_ws/install/orbslam3/share/orbslam3//config/stereo-inertial/EuRoC_IMU/MH02.txt
[3.074s] -- Symlinking: /home/ole/Dev/project-amado/orb_slam3_ros2_ws/install/orbslam3/share/orbslam3//config/stereo-inertial/EuRoC_IMU/MH03.txt
[3.080s] -- Symlinking: /home/ole/Dev/project-amado/orb_slam3_ros2_ws/install/orbslam3/share/orbslam3//config/stereo-inertial/EuRoC_IMU/MH04.txt
[3.086s] -- Symlinking: /home/ole/Dev/project-amado/orb_slam3_ros2_ws/install/orbslam3/share/orbslam3//config/stereo-inertial/EuRoC_IMU/MH05.txt
[3.092s] -- Symlinking: /home/ole/Dev/project-amado/orb_slam3_ros2_ws/install/orbslam3/share/orbslam3//config/stereo-inertial/EuRoC_IMU/V101.txt
[3.098s] -- Symlinking: /home/ole/Dev/project-amado/orb_slam3_ros2_ws/install/orbslam3/share/orbslam3//config/stereo-inertial/EuRoC_IMU/V102.txt
[3.104s] -- Symlinking: /home/ole/Dev/project-amado/orb_slam3_ros2_ws/install/orbslam3/share/orbslam3//config/stereo-inertial/EuRoC_IMU/V103.txt
[3.110s] -- Symlinking: /home/ole/Dev/project-amado/orb_slam3_ros2_ws/install/orbslam3/share/orbslam3//config/stereo-inertial/EuRoC_IMU/V201.txt
[3.116s] -- Symlinking: /home/ole/Dev/project-amado/orb_slam3_ros2_ws/install/orbslam3/share/orbslam3//config/stereo-inertial/EuRoC_IMU/V202.txt
[3.123s] -- Symlinking: /home/ole/Dev/project-amado/orb_slam3_ros2_ws/install/orbslam3/share/orbslam3//config/stereo-inertial/EuRoC_IMU/V203.txt
[3.130s] -- Symlinking: /home/ole/Dev/project-amado/orb_slam3_ros2_ws/install/orbslam3/share/orbslam3//config/stereo-inertial/EuRoC_TimeStamps/MH01.txt
[3.136s] -- Symlinking: /home/ole/Dev/project-amado/orb_slam3_ros2_ws/install/orbslam3/share/orbslam3//config/stereo-inertial/EuRoC_TimeStamps/MH02.txt
[3.142s] -- Symlinking: /home/ole/Dev/project-amado/orb_slam3_ros2_ws/install/orbslam3/share/orbslam3//config/stereo-inertial/EuRoC_TimeStamps/MH03.txt
[3.148s] -- Symlinking: /home/ole/Dev/project-amado/orb_slam3_ros2_ws/install/orbslam3/share/orbslam3//config/stereo-inertial/EuRoC_TimeStamps/MH04.txt
[3.154s] -- Symlinking: /home/ole/Dev/project-amado/orb_slam3_ros2_ws/install/orbslam3/share/orbslam3//config/stereo-inertial/EuRoC_TimeStamps/MH05.txt
[3.159s] -- Symlinking: /home/ole/Dev/project-amado/orb_slam3_ros2_ws/install/orbslam3/share/orbslam3//config/stereo-inertial/EuRoC_TimeStamps/V101.txt
[3.165s] -- Symlinking: /home/ole/Dev/project-amado/orb_slam3_ros2_ws/install/orbslam3/share/orbslam3//config/stereo-inertial/EuRoC_TimeStamps/V102.txt
[3.170s] -- Symlinking: /home/ole/Dev/project-amado/orb_slam3_ros2_ws/install/orbslam3/share/orbslam3//config/stereo-inertial/EuRoC_TimeStamps/V103.txt
[3.176s] -- Symlinking: /home/ole/Dev/project-amado/orb_slam3_ros2_ws/install/orbslam3/share/orbslam3//config/stereo-inertial/EuRoC_TimeStamps/V201.txt
[3.181s] -- Symlinking: /home/ole/Dev/project-amado/orb_slam3_ros2_ws/install/orbslam3/share/orbslam3//config/stereo-inertial/EuRoC_TimeStamps/V202.txt
[3.187s] -- Symlinking: /home/ole/Dev/project-amado/orb_slam3_ros2_ws/install/orbslam3/share/orbslam3//config/stereo-inertial/EuRoC_TimeStamps/V203.txt
[3.192s] -- Symlinking: /home/ole/Dev/project-amado/orb_slam3_ros2_ws/install/orbslam3/share/orbslam3//config/stereo-inertial/EuRoC_TimeStamps/V203_2.txt
[3.198s] -- Symlinking: /home/ole/Dev/project-amado/orb_slam3_ros2_ws/install/orbslam3/share/orbslam3//config/stereo-inertial/MultiSession/EuRoC_MH01.yaml
[3.204s] -- Symlinking: /home/ole/Dev/project-amado/orb_slam3_ros2_ws/install/orbslam3/share/orbslam3//config/stereo-inertial/MultiSession/EuRoC_MH02.yaml
[3.209s] -- Symlinking: /home/ole/Dev/project-amado/orb_slam3_ros2_ws/install/orbslam3/share/orbslam3//config/stereo-inertial/MultiSession/EuRoC_MH03.yaml
[3.215s] -- Symlinking: /home/ole/Dev/project-amado/orb_slam3_ros2_ws/install/orbslam3/share/orbslam3//config/stereo-inertial/MultiSession/EuRoC_MH04.yaml
[3.222s] -- Symlinking: /home/ole/Dev/project-amado/orb_slam3_ros2_ws/install/orbslam3/share/orbslam3//config/stereo-inertial/MultiSession/EuRoC_MH05.yaml
[3.229s] -- Symlinking: /home/ole/Dev/project-amado/orb_slam3_ros2_ws/install/orbslam3/share/orbslam3//config/stereo-inertial/MultiSession/EuRoC_V101.yaml
[3.235s] -- Symlinking: /home/ole/Dev/project-amado/orb_slam3_ros2_ws/install/orbslam3/share/orbslam3//config/stereo-inertial/MultiSession/EuRoC_V102.yaml
[3.241s] -- Symlinking: /home/ole/Dev/project-amado/orb_slam3_ros2_ws/install/orbslam3/share/orbslam3//config/stereo-inertial/MultiSession/EuRoC_V103.yaml
[3.246s] -- Symlinking: /home/ole/Dev/project-amado/orb_slam3_ros2_ws/install/orbslam3/share/orbslam3//config/stereo-inertial/MultiSession/EuRoC_V201.yaml
[3.253s] -- Symlinking: /home/ole/Dev/project-amado/orb_slam3_ros2_ws/install/orbslam3/share/orbslam3//config/stereo-inertial/MultiSession/EuRoC_V202.yaml
[3.259s] -- Symlinking: /home/ole/Dev/project-amado/orb_slam3_ros2_ws/install/orbslam3/share/orbslam3//config/stereo-inertial/MultiSession/EuRoC_V203.yaml
[3.264s] -- Symlinking: /home/ole/Dev/project-amado/orb_slam3_ros2_ws/install/orbslam3/share/orbslam3//config/stereo-inertial/RealSense_D435i.yaml
[3.270s] -- Symlinking: /home/ole/Dev/project-amado/orb_slam3_ros2_ws/install/orbslam3/share/orbslam3//config/stereo-inertial/RealSense_T265.yaml
[3.276s] -- Symlinking: /home/ole/Dev/project-amado/orb_slam3_ros2_ws/install/orbslam3/share/orbslam3//config/stereo-inertial/TUM-VI.yaml
[3.281s] -- Symlinking: /home/ole/Dev/project-amado/orb_slam3_ros2_ws/install/orbslam3/share/orbslam3//config/stereo-inertial/TUM-VI_far.yaml
[3.286s] -- Symlinking: /home/ole/Dev/project-amado/orb_slam3_ros2_ws/install/orbslam3/share/orbslam3//config/stereo-inertial/TUM_IMU/dataset-corridor1_512.txt
[3.293s] -- Symlinking: /home/ole/Dev/project-amado/orb_slam3_ros2_ws/install/orbslam3/share/orbslam3//config/stereo-inertial/TUM_IMU/dataset-corridor2_1024.txt
[3.299s] -- Symlinking: /home/ole/Dev/project-amado/orb_slam3_ros2_ws/install/orbslam3/share/orbslam3//config/stereo-inertial/TUM_IMU/dataset-corridor2_512.txt
[3.305s] -- Symlinking: /home/ole/Dev/project-amado/orb_slam3_ros2_ws/install/orbslam3/share/orbslam3//config/stereo-inertial/TUM_IMU/dataset-corridor3_512.txt
[3.311s] -- Symlinking: /home/ole/Dev/project-amado/orb_slam3_ros2_ws/install/orbslam3/share/orbslam3//config/stereo-inertial/TUM_IMU/dataset-corridor4_512.txt
[3.317s] -- Symlinking: /home/ole/Dev/project-amado/orb_slam3_ros2_ws/install/orbslam3/share/orbslam3//config/stereo-inertial/TUM_IMU/dataset-corridor5_512.txt
[3.325s] -- Symlinking: /home/ole/Dev/project-amado/orb_slam3_ros2_ws/install/orbslam3/share/orbslam3//config/stereo-inertial/TUM_IMU/dataset-magistrale1_512.txt
[3.333s] -- Symlinking: /home/ole/Dev/project-amado/orb_slam3_ros2_ws/install/orbslam3/share/orbslam3//config/stereo-inertial/TUM_IMU/dataset-magistrale2_512.txt
[3.340s] -- Symlinking: /home/ole/Dev/project-amado/orb_slam3_ros2_ws/install/orbslam3/share/orbslam3//config/stereo-inertial/TUM_IMU/dataset-magistrale3_512.txt
[3.347s] -- Symlinking: /home/ole/Dev/project-amado/orb_slam3_ros2_ws/install/orbslam3/share/orbslam3//config/stereo-inertial/TUM_IMU/dataset-magistrale4_512.txt
[3.353s] -- Symlinking: /home/ole/Dev/project-amado/orb_slam3_ros2_ws/install/orbslam3/share/orbslam3//config/stereo-inertial/TUM_IMU/dataset-magistrale5_512.txt
[3.360s] -- Symlinking: /home/ole/Dev/project-amado/orb_slam3_ros2_ws/install/orbslam3/share/orbslam3//config/stereo-inertial/TUM_IMU/dataset-magistrale6_512.txt
[3.367s] -- Symlinking: /home/ole/Dev/project-amado/orb_slam3_ros2_ws/install/orbslam3/share/orbslam3//config/stereo-inertial/TUM_IMU/dataset-outdoors1_512.txt
[3.374s] -- Symlinking: /home/ole/Dev/project-amado/orb_slam3_ros2_ws/install/orbslam3/share/orbslam3//config/stereo-inertial/TUM_IMU/dataset-outdoors2_512.txt
[3.382s] -- Symlinking: /home/ole/Dev/project-amado/orb_slam3_ros2_ws/install/orbslam3/share/orbslam3//config/stereo-inertial/TUM_IMU/dataset-outdoors3_512.txt
[3.389s] -- Symlinking: /home/ole/Dev/project-amado/orb_slam3_ros2_ws/install/orbslam3/share/orbslam3//config/stereo-inertial/TUM_IMU/dataset-outdoors4_512.txt
[3.395s] -- Symlinking: /home/ole/Dev/project-amado/orb_slam3_ros2_ws/install/orbslam3/share/orbslam3//config/stereo-inertial/TUM_IMU/dataset-outdoors5_512.txt
[3.403s] -- Symlinking: /home/ole/Dev/project-amado/orb_slam3_ros2_ws/install/orbslam3/share/orbslam3//config/stereo-inertial/TUM_IMU/dataset-outdoors6_512.txt
[3.411s] -- Symlinking: /home/ole/Dev/project-amado/orb_slam3_ros2_ws/install/orbslam3/share/orbslam3//config/stereo-inertial/TUM_IMU/dataset-outdoors7_512.txt
[3.420s] -- Symlinking: /home/ole/Dev/project-amado/orb_slam3_ros2_ws/install/orbslam3/share/orbslam3//config/stereo-inertial/TUM_IMU/dataset-outdoors8_512.txt
[3.428s] -- Symlinking: /home/ole/Dev/project-amado/orb_slam3_ros2_ws/install/orbslam3/share/orbslam3//config/stereo-inertial/TUM_IMU/dataset-room1_512.txt
[3.434s] -- Symlinking: /home/ole/Dev/project-amado/orb_slam3_ros2_ws/install/orbslam3/share/orbslam3//config/stereo-inertial/TUM_IMU/dataset-room2_512.txt
[3.440s] -- Symlinking: /home/ole/Dev/project-amado/orb_slam3_ros2_ws/install/orbslam3/share/orbslam3//config/stereo-inertial/TUM_IMU/dataset-room3_512.txt
[3.447s] -- Symlinking: /home/ole/Dev/project-amado/orb_slam3_ros2_ws/install/orbslam3/share/orbslam3//config/stereo-inertial/TUM_IMU/dataset-room4_512.txt
[3.452s] -- Symlinking: /home/ole/Dev/project-amado/orb_slam3_ros2_ws/install/orbslam3/share/orbslam3//config/stereo-inertial/TUM_IMU/dataset-room5_512.txt
[3.458s] -- Symlinking: /home/ole/Dev/project-amado/orb_slam3_ros2_ws/install/orbslam3/share/orbslam3//config/stereo-inertial/TUM_IMU/dataset-room6_512.txt
[3.464s] -- Symlinking: /home/ole/Dev/project-amado/orb_slam3_ros2_ws/install/orbslam3/share/orbslam3//config/stereo-inertial/TUM_IMU/dataset-slides1_512.txt
[3.471s] -- Symlinking: /home/ole/Dev/project-amado/orb_slam3_ros2_ws/install/orbslam3/share/orbslam3//config/stereo-inertial/TUM_IMU/dataset-slides2_512.txt
[3.477s] -- Symlinking: /home/ole/Dev/project-amado/orb_slam3_ros2_ws/install/orbslam3/share/orbslam3//config/stereo-inertial/TUM_IMU/dataset-slides3_512.txt
[3.484s] -- Symlinking: /home/ole/Dev/project-amado/orb_slam3_ros2_ws/install/orbslam3/share/orbslam3//config/stereo-inertial/TUM_TimeStamps/dataset-corridor1_512.txt
[3.490s] -- Symlinking: /home/ole/Dev/project-amado/orb_slam3_ros2_ws/install/orbslam3/share/orbslam3//config/stereo-inertial/TUM_TimeStamps/dataset-corridor2_1024.txt
[3.496s] -- Symlinking: /home/ole/Dev/project-amado/orb_slam3_ros2_ws/install/orbslam3/share/orbslam3//config/stereo-inertial/TUM_TimeStamps/dataset-corridor2_512.txt
[3.502s] -- Symlinking: /home/ole/Dev/project-amado/orb_slam3_ros2_ws/install/orbslam3/share/orbslam3//config/stereo-inertial/TUM_TimeStamps/dataset-corridor3_512.txt
[3.508s] -- Symlinking: /home/ole/Dev/project-amado/orb_slam3_ros2_ws/install/orbslam3/share/orbslam3//config/stereo-inertial/TUM_TimeStamps/dataset-corridor4_512.txt
[3.513s] -- Symlinking: /home/ole/Dev/project-amado/orb_slam3_ros2_ws/install/orbslam3/share/orbslam3//config/stereo-inertial/TUM_TimeStamps/dataset-corridor5_512.txt
[3.520s] -- Symlinking: /home/ole/Dev/project-amado/orb_slam3_ros2_ws/install/orbslam3/share/orbslam3//config/stereo-inertial/TUM_TimeStamps/dataset-magistrale1_512.txt
[3.526s] -- Symlinking: /home/ole/Dev/project-amado/orb_slam3_ros2_ws/install/orbslam3/share/orbslam3//config/stereo-inertial/TUM_TimeStamps/dataset-magistrale2_512.txt
[3.532s] -- Symlinking: /home/ole/Dev/project-amado/orb_slam3_ros2_ws/install/orbslam3/share/orbslam3//config/stereo-inertial/TUM_TimeStamps/dataset-magistrale3_512.txt
[3.538s] -- Symlinking: /home/ole/Dev/project-amado/orb_slam3_ros2_ws/install/orbslam3/share/orbslam3//config/stereo-inertial/TUM_TimeStamps/dataset-magistrale4_512.txt
[3.543s] -- Symlinking: /home/ole/Dev/project-amado/orb_slam3_ros2_ws/install/orbslam3/share/orbslam3//config/stereo-inertial/TUM_TimeStamps/dataset-magistrale5_512.txt
[3.549s] -- Symlinking: /home/ole/Dev/project-amado/orb_slam3_ros2_ws/install/orbslam3/share/orbslam3//config/stereo-inertial/TUM_TimeStamps/dataset-magistrale6_512.txt
[3.555s] -- Symlinking: /home/ole/Dev/project-amado/orb_slam3_ros2_ws/install/orbslam3/share/orbslam3//config/stereo-inertial/TUM_TimeStamps/dataset-outdoors1_512.txt
[3.561s] -- Symlinking: /home/ole/Dev/project-amado/orb_slam3_ros2_ws/install/orbslam3/share/orbslam3//config/stereo-inertial/TUM_TimeStamps/dataset-outdoors2_512.txt
[3.567s] -- Symlinking: /home/ole/Dev/project-amado/orb_slam3_ros2_ws/install/orbslam3/share/orbslam3//config/stereo-inertial/TUM_TimeStamps/dataset-outdoors3_512.txt
[3.573s] -- Symlinking: /home/ole/Dev/project-amado/orb_slam3_ros2_ws/install/orbslam3/share/orbslam3//config/stereo-inertial/TUM_TimeStamps/dataset-outdoors4_512.txt
[3.578s] -- Symlinking: /home/ole/Dev/project-amado/orb_slam3_ros2_ws/install/orbslam3/share/orbslam3//config/stereo-inertial/TUM_TimeStamps/dataset-outdoors5_512.txt
[3.584s] -- Symlinking: /home/ole/Dev/project-amado/orb_slam3_ros2_ws/install/orbslam3/share/orbslam3//config/stereo-inertial/TUM_TimeStamps/dataset-outdoors6_512.txt
[3.590s] -- Symlinking: /home/ole/Dev/project-amado/orb_slam3_ros2_ws/install/orbslam3/share/orbslam3//config/stereo-inertial/TUM_TimeStamps/dataset-outdoors7_512.txt
[3.595s] -- Symlinking: /home/ole/Dev/project-amado/orb_slam3_ros2_ws/install/orbslam3/share/orbslam3//config/stereo-inertial/TUM_TimeStamps/dataset-outdoors8_512.txt
[3.601s] -- Symlinking: /home/ole/Dev/project-amado/orb_slam3_ros2_ws/install/orbslam3/share/orbslam3//config/stereo-inertial/TUM_TimeStamps/dataset-room1_512.txt
[3.606s] -- Symlinking: /home/ole/Dev/project-amado/orb_slam3_ros2_ws/install/orbslam3/share/orbslam3//config/stereo-inertial/TUM_TimeStamps/dataset-room2_512.txt
[3.612s] -- Symlinking: /home/ole/Dev/project-amado/orb_slam3_ros2_ws/install/orbslam3/share/orbslam3//config/stereo-inertial/TUM_TimeStamps/dataset-room3_512.txt
[3.618s] -- Symlinking: /home/ole/Dev/project-amado/orb_slam3_ros2_ws/install/orbslam3/share/orbslam3//config/stereo-inertial/TUM_TimeStamps/dataset-room4_512.txt
[3.625s] -- Symlinking: /home/ole/Dev/project-amado/orb_slam3_ros2_ws/install/orbslam3/share/orbslam3//config/stereo-inertial/TUM_TimeStamps/dataset-room5_512.txt
[3.634s] -- Symlinking: /home/ole/Dev/project-amado/orb_slam3_ros2_ws/install/orbslam3/share/orbslam3//config/stereo-inertial/TUM_TimeStamps/dataset-room6_512.txt
[3.640s] -- Symlinking: /home/ole/Dev/project-amado/orb_slam3_ros2_ws/install/orbslam3/share/orbslam3//config/stereo-inertial/TUM_TimeStamps/dataset-slides1_512.txt
[3.652s] -- Symlinking: /home/ole/Dev/project-amado/orb_slam3_ros2_ws/install/orbslam3/share/orbslam3//config/stereo-inertial/TUM_TimeStamps/dataset-slides2_512.txt
[3.660s] -- Symlinking: /home/ole/Dev/project-amado/orb_slam3_ros2_ws/install/orbslam3/share/orbslam3//config/stereo-inertial/TUM_TimeStamps/dataset-slides3_512.txt
[3.665s] -- Symlinking: /home/ole/Dev/project-amado/orb_slam3_ros2_ws/install/orbslam3/share/orbslam3//config/stereo/EuRoC.yaml
[3.671s] -- Symlinking: /home/ole/Dev/project-amado/orb_slam3_ros2_ws/install/orbslam3/share/orbslam3//config/stereo/EuRoC_TimeStamps/MH01.txt
[3.677s] -- Symlinking: /home/ole/Dev/project-amado/orb_slam3_ros2_ws/install/orbslam3/share/orbslam3//config/stereo/EuRoC_TimeStamps/MH02.txt
[3.683s] -- Symlinking: /home/ole/Dev/project-amado/orb_slam3_ros2_ws/install/orbslam3/share/orbslam3//config/stereo/EuRoC_TimeStamps/MH03.txt
[3.689s] -- Symlinking: /home/ole/Dev/project-amado/orb_slam3_ros2_ws/install/orbslam3/share/orbslam3//config/stereo/EuRoC_TimeStamps/MH04.txt
[3.695s] -- Symlinking: /home/ole/Dev/project-amado/orb_slam3_ros2_ws/install/orbslam3/share/orbslam3//config/stereo/EuRoC_TimeStamps/MH05.txt
[3.700s] -- Symlinking: /home/ole/Dev/project-amado/orb_slam3_ros2_ws/install/orbslam3/share/orbslam3//config/stereo/EuRoC_TimeStamps/V101.txt
[3.706s] -- Symlinking: /home/ole/Dev/project-amado/orb_slam3_ros2_ws/install/orbslam3/share/orbslam3//config/stereo/EuRoC_TimeStamps/V102.txt
[3.712s] -- Symlinking: /home/ole/Dev/project-amado/orb_slam3_ros2_ws/install/orbslam3/share/orbslam3//config/stereo/EuRoC_TimeStamps/V103.txt
[3.717s] -- Symlinking: /home/ole/Dev/project-amado/orb_slam3_ros2_ws/install/orbslam3/share/orbslam3//config/stereo/EuRoC_TimeStamps/V201.txt
[3.724s] -- Symlinking: /home/ole/Dev/project-amado/orb_slam3_ros2_ws/install/orbslam3/share/orbslam3//config/stereo/EuRoC_TimeStamps/V202.txt
[3.730s] -- Symlinking: /home/ole/Dev/project-amado/orb_slam3_ros2_ws/install/orbslam3/share/orbslam3//config/stereo/EuRoC_TimeStamps/V203.txt
[3.736s] -- Symlinking: /home/ole/Dev/project-amado/orb_slam3_ros2_ws/install/orbslam3/share/orbslam3//config/stereo/KITTI00-02.yaml
[3.741s] -- Symlinking: /home/ole/Dev/project-amado/orb_slam3_ros2_ws/install/orbslam3/share/orbslam3//config/stereo/KITTI03.yaml
[3.747s] -- Symlinking: /home/ole/Dev/project-amado/orb_slam3_ros2_ws/install/orbslam3/share/orbslam3//config/stereo/KITTI04-12.yaml
[3.752s] -- Symlinking: /home/ole/Dev/project-amado/orb_slam3_ros2_ws/install/orbslam3/share/orbslam3//config/stereo/MultiSession/EuRoC_MH01.yaml
[3.758s] -- Symlinking: /home/ole/Dev/project-amado/orb_slam3_ros2_ws/install/orbslam3/share/orbslam3//config/stereo/MultiSession/EuRoC_MH02.yaml
[3.763s] -- Symlinking: /home/ole/Dev/project-amado/orb_slam3_ros2_ws/install/orbslam3/share/orbslam3//config/stereo/MultiSession/EuRoC_MH03.yaml
[3.769s] -- Symlinking: /home/ole/Dev/project-amado/orb_slam3_ros2_ws/install/orbslam3/share/orbslam3//config/stereo/MultiSession/EuRoC_MH04.yaml
[3.774s] -- Symlinking: /home/ole/Dev/project-amado/orb_slam3_ros2_ws/install/orbslam3/share/orbslam3//config/stereo/MultiSession/EuRoC_MH05.yaml
[3.780s] -- Symlinking: /home/ole/Dev/project-amado/orb_slam3_ros2_ws/install/orbslam3/share/orbslam3//config/stereo/MultiSession/EuRoC_V101.yaml
[3.785s] -- Symlinking: /home/ole/Dev/project-amado/orb_slam3_ros2_ws/install/orbslam3/share/orbslam3//config/stereo/MultiSession/EuRoC_V102.yaml
[3.790s] -- Symlinking: /home/ole/Dev/project-amado/orb_slam3_ros2_ws/install/orbslam3/share/orbslam3//config/stereo/MultiSession/EuRoC_V103.yaml
[3.796s] -- Symlinking: /home/ole/Dev/project-amado/orb_slam3_ros2_ws/install/orbslam3/share/orbslam3//config/stereo/MultiSession/EuRoC_V201.yaml
[3.801s] -- Symlinking: /home/ole/Dev/project-amado/orb_slam3_ros2_ws/install/orbslam3/share/orbslam3//config/stereo/MultiSession/EuRoC_V202.yaml
[3.806s] -- Symlinking: /home/ole/Dev/project-amado/orb_slam3_ros2_ws/install/orbslam3/share/orbslam3//config/stereo/MultiSession/EuRoC_V203.yaml
[3.811s] -- Symlinking: /home/ole/Dev/project-amado/orb_slam3_ros2_ws/install/orbslam3/share/orbslam3//config/stereo/RealSense_D435i.yaml
[3.818s] -- Symlinking: /home/ole/Dev/project-amado/orb_slam3_ros2_ws/install/orbslam3/share/orbslam3//config/stereo/RealSense_T265.yaml
[3.824s] -- Symlinking: /home/ole/Dev/project-amado/orb_slam3_ros2_ws/install/orbslam3/share/orbslam3//config/stereo/TUM-VI.yaml
[3.831s] -- Symlinking: /home/ole/Dev/project-amado/orb_slam3_ros2_ws/install/orbslam3/share/orbslam3//config/stereo/TUM_TimeStamps/dataset-corridor1_512.txt
[3.837s] -- Symlinking: /home/ole/Dev/project-amado/orb_slam3_ros2_ws/install/orbslam3/share/orbslam3//config/stereo/TUM_TimeStamps/dataset-corridor2_1024.txt
[3.842s] -- Symlinking: /home/ole/Dev/project-amado/orb_slam3_ros2_ws/install/orbslam3/share/orbslam3//config/stereo/TUM_TimeStamps/dataset-corridor2_512.txt
[3.849s] -- Symlinking: /home/ole/Dev/project-amado/orb_slam3_ros2_ws/install/orbslam3/share/orbslam3//config/stereo/TUM_TimeStamps/dataset-corridor3_512.txt
[3.855s] -- Symlinking: /home/ole/Dev/project-amado/orb_slam3_ros2_ws/install/orbslam3/share/orbslam3//config/stereo/TUM_TimeStamps/dataset-corridor4_512.txt
[3.861s] -- Symlinking: /home/ole/Dev/project-amado/orb_slam3_ros2_ws/install/orbslam3/share/orbslam3//config/stereo/TUM_TimeStamps/dataset-corridor5_512.txt
[3.866s] -- Symlinking: /home/ole/Dev/project-amado/orb_slam3_ros2_ws/install/orbslam3/share/orbslam3//config/stereo/TUM_TimeStamps/dataset-magistrale1_512.txt
[3.871s] -- Symlinking: /home/ole/Dev/project-amado/orb_slam3_ros2_ws/install/orbslam3/share/orbslam3//config/stereo/TUM_TimeStamps/dataset-magistrale2_512.txt
[3.877s] -- Symlinking: /home/ole/Dev/project-amado/orb_slam3_ros2_ws/install/orbslam3/share/orbslam3//config/stereo/TUM_TimeStamps/dataset-magistrale3_512.txt
[3.882s] -- Symlinking: /home/ole/Dev/project-amado/orb_slam3_ros2_ws/install/orbslam3/share/orbslam3//config/stereo/TUM_TimeStamps/dataset-magistrale4_512.txt
[3.888s] -- Symlinking: /home/ole/Dev/project-amado/orb_slam3_ros2_ws/install/orbslam3/share/orbslam3//config/stereo/TUM_TimeStamps/dataset-magistrale5_512.txt
[3.894s] -- Symlinking: /home/ole/Dev/project-amado/orb_slam3_ros2_ws/install/orbslam3/share/orbslam3//config/stereo/TUM_TimeStamps/dataset-magistrale6_512.txt
[3.899s] -- Symlinking: /home/ole/Dev/project-amado/orb_slam3_ros2_ws/install/orbslam3/share/orbslam3//config/stereo/TUM_TimeStamps/dataset-outdoors1_512.txt
[3.905s] -- Symlinking: /home/ole/Dev/project-amado/orb_slam3_ros2_ws/install/orbslam3/share/orbslam3//config/stereo/TUM_TimeStamps/dataset-outdoors2_512.txt
[3.910s] -- Symlinking: /home/ole/Dev/project-amado/orb_slam3_ros2_ws/install/orbslam3/share/orbslam3//config/stereo/TUM_TimeStamps/dataset-outdoors3_512.txt
[3.916s] -- Symlinking: /home/ole/Dev/project-amado/orb_slam3_ros2_ws/install/orbslam3/share/orbslam3//config/stereo/TUM_TimeStamps/dataset-outdoors4_512.txt
[3.922s] -- Symlinking: /home/ole/Dev/project-amado/orb_slam3_ros2_ws/install/orbslam3/share/orbslam3//config/stereo/TUM_TimeStamps/dataset-outdoors5_512.txt
[3.929s] -- Symlinking: /home/ole/Dev/project-amado/orb_slam3_ros2_ws/install/orbslam3/share/orbslam3//config/stereo/TUM_TimeStamps/dataset-outdoors6_512.txt
[3.935s] -- Symlinking: /home/ole/Dev/project-amado/orb_slam3_ros2_ws/install/orbslam3/share/orbslam3//config/stereo/TUM_TimeStamps/dataset-outdoors7_512.txt
[3.941s] -- Symlinking: /home/ole/Dev/project-amado/orb_slam3_ros2_ws/install/orbslam3/share/orbslam3//config/stereo/TUM_TimeStamps/dataset-outdoors8_512.txt
[3.947s] -- Symlinking: /home/ole/Dev/project-amado/orb_slam3_ros2_ws/install/orbslam3/share/orbslam3//config/stereo/TUM_TimeStamps/dataset-room1_512.txt
[3.952s] -- Symlinking: /home/ole/Dev/project-amado/orb_slam3_ros2_ws/install/orbslam3/share/orbslam3//config/stereo/TUM_TimeStamps/dataset-room2_512.txt
[3.958s] -- Symlinking: /home/ole/Dev/project-amado/orb_slam3_ros2_ws/install/orbslam3/share/orbslam3//config/stereo/TUM_TimeStamps/dataset-room3_512.txt
[3.963s] -- Symlinking: /home/ole/Dev/project-amado/orb_slam3_ros2_ws/install/orbslam3/share/orbslam3//config/stereo/TUM_TimeStamps/dataset-room4_512.txt
[3.968s] -- Symlinking: /home/ole/Dev/project-amado/orb_slam3_ros2_ws/install/orbslam3/share/orbslam3//config/stereo/TUM_TimeStamps/dataset-room5_512.txt
[3.974s] -- Symlinking: /home/ole/Dev/project-amado/orb_slam3_ros2_ws/install/orbslam3/share/orbslam3//config/stereo/TUM_TimeStamps/dataset-room6_512.txt
[3.979s] -- Symlinking: /home/ole/Dev/project-amado/orb_slam3_ros2_ws/install/orbslam3/share/orbslam3//config/stereo/TUM_TimeStamps/dataset-slides1_512.txt
[3.984s] -- Symlinking: /home/ole/Dev/project-amado/orb_slam3_ros2_ws/install/orbslam3/share/orbslam3//config/stereo/TUM_TimeStamps/dataset-slides2_512.txt
[3.990s] -- Symlinking: /home/ole/Dev/project-amado/orb_slam3_ros2_ws/install/orbslam3/share/orbslam3//config/stereo/TUM_TimeStamps/dataset-slides3_512.txt
[3.996s] -- Symlinking: /home/ole/Dev/project-amado/orb_slam3_ros2_ws/install/orbslam3/share/orbslam3//vocabulary/ORBvoc.txt
[4.002s] -- Symlinking: /home/ole/Dev/project-amado/orb_slam3_ros2_ws/install/orbslam3/share/orbslam3//vocabulary/ORBvoc.txt.tar.gz
[4.011s] -- Symlinking: /home/ole/Dev/project-amado/orb_slam3_ros2_ws/install/orbslam3/share/ament_index/resource_index/package_run_dependencies/orbslam3
[4.017s] -- Symlinking: /home/ole/Dev/project-amado/orb_slam3_ros2_ws/install/orbslam3/share/ament_index/resource_index/parent_prefix_path/orbslam3
[4.031s] -- Symlinking: /home/ole/Dev/project-amado/orb_slam3_ros2_ws/install/orbslam3/share/orbslam3/environment/ament_prefix_path.sh
[4.045s] -- Symlinking: /home/ole/Dev/project-amado/orb_slam3_ros2_ws/install/orbslam3/share/orbslam3/environment/ament_prefix_path.dsv
[4.055s] -- Symlinking: /home/ole/Dev/project-amado/orb_slam3_ros2_ws/install/orbslam3/share/orbslam3/environment/path.sh
[4.062s] -- Symlinking: /home/ole/Dev/project-amado/orb_slam3_ros2_ws/install/orbslam3/share/orbslam3/environment/path.dsv
[4.070s] -- Symlinking: /home/ole/Dev/project-amado/orb_slam3_ros2_ws/install/orbslam3/share/orbslam3/local_setup.bash
[4.077s] -- Symlinking: /home/ole/Dev/project-amado/orb_slam3_ros2_ws/install/orbslam3/share/orbslam3/local_setup.sh
[4.083s] -- Symlinking: /home/ole/Dev/project-amado/orb_slam3_ros2_ws/install/orbslam3/share/orbslam3/local_setup.zsh
[4.089s] -- Symlinking: /home/ole/Dev/project-amado/orb_slam3_ros2_ws/install/orbslam3/share/orbslam3/local_setup.dsv
[4.094s] -- Symlinking: /home/ole/Dev/project-amado/orb_slam3_ros2_ws/install/orbslam3/share/orbslam3/package.dsv
[4.099s] -- Symlinking: /home/ole/Dev/project-amado/orb_slam3_ros2_ws/install/orbslam3/share/ament_index/resource_index/packages/orbslam3
[4.105s] -- Symlinking: /home/ole/Dev/project-amado/orb_slam3_ros2_ws/install/orbslam3/share/orbslam3/cmake/orbslam3Config.cmake
[4.110s] -- Symlinking: /home/ole/Dev/project-amado/orb_slam3_ros2_ws/install/orbslam3/share/orbslam3/cmake/orbslam3Config-version.cmake
[4.116s] -- Symlinking: /home/ole/Dev/project-amado/orb_slam3_ros2_ws/install/orbslam3/share/orbslam3/package.xml
[4.125s] Invoked command in '/home/ole/Dev/project-amado/orb_slam3_ros2_ws/build/orbslam3' returned '0': CMAKE_PREFIX_PATH=${CMAKE_PREFIX_PATH}:/home/ole/Dev/project-amado/tentone-tello-ros2-main/workspace/install/tello:/home/ole/Dev/tello-ros2/workspace/install/tello:/home/ole/Dev/tello-ros2/workspace/install/flask_api_pkg:/home/ole/Dev/tello-ros2/workspace/install/flask-api:/home/ole/Dev/tello-ros2/workspace/install/firestore_pkg:/opt/ros/humble /usr/bin/cmake --install /home/ole/Dev/project-amado/orb_slam3_ros2_ws/build/orbslam3
