[0.069s] DEBUG:colcon:Command line arguments: ['/usr/bin/colcon', 'build', '--symlink-install']
[0.069s] DEBUG:colcon:Parsed command line arguments: Namespace(log_base=None, log_level=None, verb_name='build', build_base='build', install_base='install', merge_install=False, symlink_install=True, test_result_base=None, continue_on_error=False, executor='parallel', parallel_workers=12, event_handlers=None, ignore_user_meta=False, metas=['./colcon.meta'], base_paths=['.'], packages_ignore=None, packages_ignore_regex=None, paths=None, packages_up_to=None, packages_up_to_regex=None, packages_above=None, packages_above_and_dependencies=None, packages_above_depth=None, packages_select_by_dep=None, packages_skip_by_dep=None, packages_skip_up_to=None, packages_select_build_failed=False, packages_skip_build_finished=False, packages_select_test_failures=False, packages_skip_test_passed=False, packages_select=None, packages_skip=None, packages_select_regex=None, packages_skip_regex=None, packages_start=None, packages_end=None, allow_overriding=[], cmake_args=None, cmake_target=None, cmake_target_skip_unavailable=False, cmake_clean_cache=False, cmake_clean_first=False, cmake_force_configure=False, ament_cmake_args=None, catkin_cmake_args=None, catkin_skip_building_tests=False, verb_parser=<colcon_defaults.argument_parser.defaults.DefaultArgumentsDecorator object at 0x71db7d342440>, verb_extension=<colcon_core.verb.build.BuildVerb object at 0x71db7d341e70>, main=<bound method BuildVerb.main of <colcon_core.verb.build.BuildVerb object at 0x71db7d341e70>>)
[0.191s] Level 1:colcon.colcon_core.package_discovery:discover_packages(colcon_meta) check parameters
[0.191s] Level 1:colcon.colcon_core.package_discovery:discover_packages(recursive) check parameters
[0.191s] Level 1:colcon.colcon_core.package_discovery:discover_packages(ignore) check parameters
[0.191s] Level 1:colcon.colcon_core.package_discovery:discover_packages(path) check parameters
[0.191s] Level 1:colcon.colcon_core.package_discovery:discover_packages(colcon_meta) discover
[0.191s] Level 1:colcon.colcon_core.package_discovery:discover_packages(recursive) discover
[0.191s] INFO:colcon.colcon_core.package_discovery:Crawling recursively for packages in '/home/ole/Dev/project-amado/orb_slam3_ros2_ws'
[0.191s] Level 1:colcon.colcon_core.package_identification:_identify(.) by extensions ['ignore', 'ignore_ament_install']
[0.191s] Level 1:colcon.colcon_core.package_identification:_identify(.) by extension 'ignore'
[0.191s] Level 1:colcon.colcon_core.package_identification:_identify(.) by extension 'ignore_ament_install'
[0.191s] Level 1:colcon.colcon_core.package_identification:_identify(.) by extensions ['colcon_pkg']
[0.191s] Level 1:colcon.colcon_core.package_identification:_identify(.) by extension 'colcon_pkg'
[0.191s] Level 1:colcon.colcon_core.package_identification:_identify(.) by extensions ['colcon_meta']
[0.191s] Level 1:colcon.colcon_core.package_identification:_identify(.) by extension 'colcon_meta'
[0.191s] Level 1:colcon.colcon_core.package_identification:_identify(.) by extensions ['ros']
[0.191s] Level 1:colcon.colcon_core.package_identification:_identify(.) by extension 'ros'
[0.199s] Level 1:colcon.colcon_core.package_identification:_identify(.) by extensions ['cmake', 'python']
[0.199s] Level 1:colcon.colcon_core.package_identification:_identify(.) by extension 'cmake'
[0.199s] Level 1:colcon.colcon_core.package_identification:_identify(.) by extension 'python'
[0.199s] Level 1:colcon.colcon_core.package_identification:_identify(.) by extensions ['python_setup_py']
[0.199s] Level 1:colcon.colcon_core.package_identification:_identify(.) by extension 'python_setup_py'
[0.199s] Level 1:colcon.colcon_core.package_identification:_identify(build) by extensions ['ignore', 'ignore_ament_install']
[0.199s] Level 1:colcon.colcon_core.package_identification:_identify(build) by extension 'ignore'
[0.199s] Level 1:colcon.colcon_core.package_identification:_identify(build) ignored
[0.199s] Level 1:colcon.colcon_core.package_identification:_identify(install) by extensions ['ignore', 'ignore_ament_install']
[0.199s] Level 1:colcon.colcon_core.package_identification:_identify(install) by extension 'ignore'
[0.199s] Level 1:colcon.colcon_core.package_identification:_identify(install) ignored
[0.200s] Level 1:colcon.colcon_core.package_identification:_identify(log) by extensions ['ignore', 'ignore_ament_install']
[0.200s] Level 1:colcon.colcon_core.package_identification:_identify(log) by extension 'ignore'
[0.200s] Level 1:colcon.colcon_core.package_identification:_identify(log) ignored
[0.200s] Level 1:colcon.colcon_core.package_identification:_identify(orb_slam3_ros2-main) by extensions ['ignore', 'ignore_ament_install']
[0.200s] Level 1:colcon.colcon_core.package_identification:_identify(orb_slam3_ros2-main) by extension 'ignore'
[0.200s] Level 1:colcon.colcon_core.package_identification:_identify(orb_slam3_ros2-main) by extension 'ignore_ament_install'
[0.200s] Level 1:colcon.colcon_core.package_identification:_identify(orb_slam3_ros2-main) by extensions ['colcon_pkg']
[0.200s] Level 1:colcon.colcon_core.package_identification:_identify(orb_slam3_ros2-main) by extension 'colcon_pkg'
[0.200s] Level 1:colcon.colcon_core.package_identification:_identify(orb_slam3_ros2-main) by extensions ['colcon_meta']
[0.200s] Level 1:colcon.colcon_core.package_identification:_identify(orb_slam3_ros2-main) by extension 'colcon_meta'
[0.200s] Level 1:colcon.colcon_core.package_identification:_identify(orb_slam3_ros2-main) by extensions ['ros']
[0.200s] Level 1:colcon.colcon_core.package_identification:_identify(orb_slam3_ros2-main) by extension 'ros'
[0.208s] DEBUG:colcon.colcon_core.package_identification:Package 'orb_slam3_ros2-main' with type 'ros.ament_cmake' and name 'orbslam3'
[0.209s] Level 1:colcon.colcon_core.package_discovery:discover_packages(recursive) using defaults
[0.209s] Level 1:colcon.colcon_core.package_discovery:discover_packages(ignore) discover
[0.209s] Level 1:colcon.colcon_core.package_discovery:discover_packages(ignore) using defaults
[0.209s] Level 1:colcon.colcon_core.package_discovery:discover_packages(path) discover
[0.209s] Level 1:colcon.colcon_core.package_discovery:discover_packages(path) using defaults
[0.222s] Level 1:colcon.colcon_core.package_discovery:discover_packages(prefix_path) check parameters
[0.222s] Level 1:colcon.colcon_core.package_discovery:discover_packages(prefix_path) discover
[0.223s] DEBUG:colcon.colcon_installed_package_information.package_discovery:Found 3 installed packages in /home/ole/Dev/project-amado/tentone-tello-ros2-main/workspace/install
[0.223s] DEBUG:colcon.colcon_installed_package_information.package_discovery:Found 1 installed packages in /home/ole/Dev/project-amado/orb_slam3_ros2_ws/install
[0.224s] DEBUG:colcon.colcon_installed_package_information.package_discovery:Found 429 installed packages in /opt/ros/humble
[0.226s] Level 1:colcon.colcon_core.package_discovery:discover_packages(prefix_path) using defaults
[0.258s] Level 5:colcon.colcon_core.verb:set package 'orbslam3' build argument 'cmake_args' from command line to 'None'
[0.258s] Level 5:colcon.colcon_core.verb:set package 'orbslam3' build argument 'cmake_target' from command line to 'None'
[0.258s] Level 5:colcon.colcon_core.verb:set package 'orbslam3' build argument 'cmake_target_skip_unavailable' from command line to 'False'
[0.258s] Level 5:colcon.colcon_core.verb:set package 'orbslam3' build argument 'cmake_clean_cache' from command line to 'False'
[0.258s] Level 5:colcon.colcon_core.verb:set package 'orbslam3' build argument 'cmake_clean_first' from command line to 'False'
[0.258s] Level 5:colcon.colcon_core.verb:set package 'orbslam3' build argument 'cmake_force_configure' from command line to 'False'
[0.258s] Level 5:colcon.colcon_core.verb:set package 'orbslam3' build argument 'ament_cmake_args' from command line to 'None'
[0.258s] Level 5:colcon.colcon_core.verb:set package 'orbslam3' build argument 'catkin_cmake_args' from command line to 'None'
[0.258s] Level 5:colcon.colcon_core.verb:set package 'orbslam3' build argument 'catkin_skip_building_tests' from command line to 'False'
[0.258s] DEBUG:colcon.colcon_core.verb:Building package 'orbslam3' with the following arguments: {'ament_cmake_args': None, 'build_base': '/home/ole/Dev/project-amado/orb_slam3_ros2_ws/build/orbslam3', 'catkin_cmake_args': None, 'catkin_skip_building_tests': False, 'cmake_args': None, 'cmake_clean_cache': False, 'cmake_clean_first': False, 'cmake_force_configure': False, 'cmake_target': None, 'cmake_target_skip_unavailable': False, 'install_base': '/home/ole/Dev/project-amado/orb_slam3_ros2_ws/install/orbslam3', 'merge_install': False, 'path': '/home/ole/Dev/project-amado/orb_slam3_ros2_ws/orb_slam3_ros2-main', 'symlink_install': True, 'test_result_base': None}
[0.258s] INFO:colcon.colcon_core.executor:Executing jobs using 'parallel' executor
[0.259s] DEBUG:colcon.colcon_parallel_executor.executor.parallel:run_until_complete
[0.259s] INFO:colcon.colcon_ros.task.ament_cmake.build:Building ROS package in '/home/ole/Dev/project-amado/orb_slam3_ros2_ws/orb_slam3_ros2-main' with build type 'ament_cmake'
[0.259s] INFO:colcon.colcon_cmake.task.cmake.build:Building CMake package in '/home/ole/Dev/project-amado/orb_slam3_ros2_ws/orb_slam3_ros2-main'
[0.260s] INFO:colcon.colcon_core.plugin_system:Skipping extension 'colcon_core.shell.bat': Not used on non-Windows systems
[0.260s] INFO:colcon.colcon_core.shell:Skip shell extension 'powershell' for command environment: Not usable outside of PowerShell
[0.260s] DEBUG:colcon.colcon_core.shell:Skip shell extension 'dsv' for command environment
[0.268s] DEBUG:colcon.colcon_core.event_handler.log_command:Invoking command in '/home/ole/Dev/project-amado/orb_slam3_ros2_ws/build/orbslam3': CMAKE_PREFIX_PATH=${CMAKE_PREFIX_PATH}:/home/ole/Dev/project-amado/tentone-tello-ros2-main/workspace/install/tello:/opt/ros/humble /usr/bin/cmake --build /home/ole/Dev/project-amado/orb_slam3_ros2_ws/build/orbslam3 -- -j12 -l12
[11.855s] DEBUG:colcon.colcon_core.event_handler.log_command:Invoked command in '/home/ole/Dev/project-amado/orb_slam3_ros2_ws/build/orbslam3' returned '2': CMAKE_PREFIX_PATH=${CMAKE_PREFIX_PATH}:/home/ole/Dev/project-amado/tentone-tello-ros2-main/workspace/install/tello:/opt/ros/humble /usr/bin/cmake --build /home/ole/Dev/project-amado/orb_slam3_ros2_ws/build/orbslam3 -- -j12 -l12
[11.874s] Level 1:colcon.colcon_core.environment:create_environment_scripts_only(orbslam3)
[11.875s] Level 1:colcon.colcon_core.environment:checking '/home/ole/Dev/project-amado/orb_slam3_ros2_ws/install/orbslam3' for CMake module files
[11.875s] Level 1:colcon.colcon_core.environment:checking '/home/ole/Dev/project-amado/orb_slam3_ros2_ws/install/orbslam3' for CMake config files
[11.875s] Level 1:colcon.colcon_core.shell:create_environment_hook('orbslam3', 'cmake_prefix_path')
[11.876s] INFO:colcon.colcon_core.shell:Creating environment hook '/home/ole/Dev/project-amado/orb_slam3_ros2_ws/install/orbslam3/share/orbslam3/hook/cmake_prefix_path.ps1'
[11.876s] INFO:colcon.colcon_core.shell:Creating environment descriptor '/home/ole/Dev/project-amado/orb_slam3_ros2_ws/install/orbslam3/share/orbslam3/hook/cmake_prefix_path.dsv'
[11.876s] INFO:colcon.colcon_core.shell:Creating environment hook '/home/ole/Dev/project-amado/orb_slam3_ros2_ws/install/orbslam3/share/orbslam3/hook/cmake_prefix_path.sh'
[11.877s] Level 1:colcon.colcon_core.environment:checking '/home/ole/Dev/project-amado/orb_slam3_ros2_ws/install/orbslam3/lib'
[11.877s] Level 1:colcon.colcon_core.environment:checking '/home/ole/Dev/project-amado/orb_slam3_ros2_ws/install/orbslam3/bin'
[11.877s] Level 1:colcon.colcon_core.environment:checking '/home/ole/Dev/project-amado/orb_slam3_ros2_ws/install/orbslam3/lib/pkgconfig/orbslam3.pc'
[11.877s] Level 1:colcon.colcon_core.environment:checking '/home/ole/Dev/project-amado/orb_slam3_ros2_ws/install/orbslam3/lib/python3.10/site-packages'
[11.877s] Level 1:colcon.colcon_core.environment:checking '/home/ole/Dev/project-amado/orb_slam3_ros2_ws/install/orbslam3/bin'
[11.877s] INFO:colcon.colcon_core.shell:Creating package script '/home/ole/Dev/project-amado/orb_slam3_ros2_ws/install/orbslam3/share/orbslam3/package.ps1'
[11.878s] INFO:colcon.colcon_core.shell:Creating package descriptor '/home/ole/Dev/project-amado/orb_slam3_ros2_ws/install/orbslam3/share/orbslam3/package.dsv'
[11.878s] INFO:colcon.colcon_core.shell:Creating package script '/home/ole/Dev/project-amado/orb_slam3_ros2_ws/install/orbslam3/share/orbslam3/package.sh'
[11.878s] INFO:colcon.colcon_core.shell:Creating package script '/home/ole/Dev/project-amado/orb_slam3_ros2_ws/install/orbslam3/share/orbslam3/package.bash'
[11.879s] INFO:colcon.colcon_core.shell:Creating package script '/home/ole/Dev/project-amado/orb_slam3_ros2_ws/install/orbslam3/share/orbslam3/package.zsh'
[11.879s] Level 1:colcon.colcon_core.environment:create_file_with_runtime_dependencies(/home/ole/Dev/project-amado/orb_slam3_ros2_ws/install/orbslam3/share/colcon-core/packages/orbslam3)
[11.889s] DEBUG:colcon.colcon_parallel_executor.executor.parallel:closing loop
[11.890s] DEBUG:colcon.colcon_parallel_executor.executor.parallel:loop closed
[11.890s] DEBUG:colcon.colcon_parallel_executor.executor.parallel:run_until_complete finished with '2'
[11.890s] DEBUG:colcon.colcon_core.event_reactor:joining thread
[11.898s] INFO:colcon.colcon_core.plugin_system:Skipping extension 'colcon_notification.desktop_notification.terminal_notifier': Not used on non-Darwin systems
[11.898s] INFO:colcon.colcon_core.plugin_system:Skipping extension 'colcon_notification.desktop_notification.win32': Not used on non-Windows systems
[11.898s] INFO:colcon.colcon_notification.desktop_notification:Sending desktop notification using 'notify2'
[11.927s] DEBUG:colcon.colcon_core.event_reactor:joined thread
[11.928s] INFO:colcon.colcon_core.shell:Creating prefix script '/home/ole/Dev/project-amado/orb_slam3_ros2_ws/install/local_setup.ps1'
[11.929s] INFO:colcon.colcon_core.shell:Creating prefix util module '/home/ole/Dev/project-amado/orb_slam3_ros2_ws/install/_local_setup_util_ps1.py'
[11.929s] INFO:colcon.colcon_core.shell:Creating prefix chain script '/home/ole/Dev/project-amado/orb_slam3_ros2_ws/install/setup.ps1'
[11.930s] INFO:colcon.colcon_core.shell:Creating prefix script '/home/ole/Dev/project-amado/orb_slam3_ros2_ws/install/local_setup.sh'
[11.930s] INFO:colcon.colcon_core.shell:Creating prefix util module '/home/ole/Dev/project-amado/orb_slam3_ros2_ws/install/_local_setup_util_sh.py'
[11.930s] INFO:colcon.colcon_core.shell:Creating prefix chain script '/home/ole/Dev/project-amado/orb_slam3_ros2_ws/install/setup.sh'
[11.931s] INFO:colcon.colcon_core.shell:Creating prefix script '/home/ole/Dev/project-amado/orb_slam3_ros2_ws/install/local_setup.bash'
[11.931s] INFO:colcon.colcon_core.shell:Creating prefix chain script '/home/ole/Dev/project-amado/orb_slam3_ros2_ws/install/setup.bash'
[11.933s] INFO:colcon.colcon_core.shell:Creating prefix script '/home/ole/Dev/project-amado/orb_slam3_ros2_ws/install/local_setup.zsh'
[11.933s] INFO:colcon.colcon_core.shell:Creating prefix chain script '/home/ole/Dev/project-amado/orb_slam3_ros2_ws/install/setup.zsh'
