[0.010s] Invoking command in '/home/ole/Dev/project-amado/orb_slam3_ros2_ws/build/orbslam3': CMAKE_PREFIX_PATH=${CMAKE_PREFIX_PATH}:/home/ole/Dev/project-amado/tentone-tello-ros2-main/workspace/install/tello:/opt/ros/humble /usr/bin/cmake --build /home/ole/Dev/project-amado/orb_slam3_ros2_ws/build/orbslam3 -- -j12 -l12
[0.059s] [35m[1mConsolidate compiler generated dependencies of target mono[0m
[0.077s] [ 50%] Built target mono-inertial
[0.089s] [100%] Built target mono
[0.100s] Invoked command in '/home/ole/Dev/project-amado/orb_slam3_ros2_ws/build/orbslam3' returned '0': CMAKE_PREFIX_PATH=${CMAKE_PREFIX_PATH}:/home/ole/Dev/project-amado/tentone-tello-ros2-main/workspace/install/tello:/opt/ros/humble /usr/bin/cmake --build /home/ole/Dev/project-amado/orb_slam3_ros2_ws/build/orbslam3 -- -j12 -l12
[0.135s] Invoking command in '/home/ole/Dev/project-amado/orb_slam3_ros2_ws/build/orbslam3': CMAKE_PREFIX_PATH=${CMAKE_PREFIX_PATH}:/home/ole/Dev/project-amado/tentone-tello-ros2-main/workspace/install/tello:/opt/ros/humble /usr/bin/cmake --install /home/ole/Dev/project-amado/orb_slam3_ros2_ws/build/orbslam3
[0.142s] -- Install configuration: ""
[0.142s] -- Execute custom install script
[0.142s] -- Up-to-date symlink: /home/ole/Dev/project-amado/orb_slam3_ros2_ws/install/orbslam3/lib/orbslam3/mono
[0.142s] -- Up-to-date symlink: /home/ole/Dev/project-amado/orb_slam3_ros2_ws/install/orbslam3/lib/orbslam3/mono-inertial
[0.143s] -- Up-to-date symlink: /home/ole/Dev/project-amado/orb_slam3_ros2_ws/install/orbslam3/share/orbslam3//launch/tello_mono_inertial.launch.py
[0.147s] -- Up-to-date symlink: /home/ole/Dev/project-amado/orb_slam3_ros2_ws/install/orbslam3/share/orbslam3//config/monocular-inertial/EuRoC.yaml
[0.147s] -- Up-to-date symlink: /home/ole/Dev/project-amado/orb_slam3_ros2_ws/install/orbslam3/share/orbslam3//config/monocular-inertial/EuRoC_IMU/MH01.txt
[0.148s] -- Up-to-date symlink: /home/ole/Dev/project-amado/orb_slam3_ros2_ws/install/orbslam3/share/orbslam3//config/monocular-inertial/EuRoC_IMU/MH02.txt
[0.148s] -- Up-to-date symlink: /home/ole/Dev/project-amado/orb_slam3_ros2_ws/install/orbslam3/share/orbslam3//config/monocular-inertial/EuRoC_IMU/MH03.txt
[0.148s] -- Up-to-date symlink: /home/ole/Dev/project-amado/orb_slam3_ros2_ws/install/orbslam3/share/orbslam3//config/monocular-inertial/EuRoC_IMU/MH04.txt
[0.148s] -- Up-to-date symlink: /home/ole/Dev/project-amado/orb_slam3_ros2_ws/install/orbslam3/share/orbslam3//config/monocular-inertial/EuRoC_IMU/MH05.txt
[0.148s] -- Up-to-date symlink: /home/ole/Dev/project-amado/orb_slam3_ros2_ws/install/orbslam3/share/orbslam3//config/monocular-inertial/EuRoC_IMU/V101.txt
[0.148s] -- Up-to-date symlink: /home/ole/Dev/project-amado/orb_slam3_ros2_ws/install/orbslam3/share/orbslam3//config/monocular-inertial/EuRoC_IMU/V102.txt
[0.149s] -- Up-to-date symlink: /home/ole/Dev/project-amado/orb_slam3_ros2_ws/install/orbslam3/share/orbslam3//config/monocular-inertial/EuRoC_IMU/V103.txt
[0.149s] -- Up-to-date symlink: /home/ole/Dev/project-amado/orb_slam3_ros2_ws/install/orbslam3/share/orbslam3//config/monocular-inertial/EuRoC_IMU/V201.txt
[0.149s] -- Up-to-date symlink: /home/ole/Dev/project-amado/orb_slam3_ros2_ws/install/orbslam3/share/orbslam3//config/monocular-inertial/EuRoC_IMU/V202.txt
[0.149s] -- Up-to-date symlink: /home/ole/Dev/project-amado/orb_slam3_ros2_ws/install/orbslam3/share/orbslam3//config/monocular-inertial/EuRoC_IMU/V203.txt
[0.149s] -- Up-to-date symlink: /home/ole/Dev/project-amado/orb_slam3_ros2_ws/install/orbslam3/share/orbslam3//config/monocular-inertial/EuRoC_TimeStamps/MH01.txt
[0.149s] -- Up-to-date symlink: /home/ole/Dev/project-amado/orb_slam3_ros2_ws/install/orbslam3/share/orbslam3//config/monocular-inertial/EuRoC_TimeStamps/MH02.txt
[0.149s] -- Up-to-date symlink: /home/ole/Dev/project-amado/orb_slam3_ros2_ws/install/orbslam3/share/orbslam3//config/monocular-inertial/EuRoC_TimeStamps/MH03.txt
[0.149s] -- Up-to-date symlink: /home/ole/Dev/project-amado/orb_slam3_ros2_ws/install/orbslam3/share/orbslam3//config/monocular-inertial/EuRoC_TimeStamps/MH04.txt
[0.150s] -- Up-to-date symlink: /home/ole/Dev/project-amado/orb_slam3_ros2_ws/install/orbslam3/share/orbslam3//config/monocular-inertial/EuRoC_TimeStamps/MH05.txt
[0.150s] -- Up-to-date symlink: /home/ole/Dev/project-amado/orb_slam3_ros2_ws/install/orbslam3/share/orbslam3//config/monocular-inertial/EuRoC_TimeStamps/V101.txt
[0.150s] -- Up-to-date symlink: /home/ole/Dev/project-amado/orb_slam3_ros2_ws/install/orbslam3/share/orbslam3//config/monocular-inertial/EuRoC_TimeStamps/V102.txt
[0.150s] -- Up-to-date symlink: /home/ole/Dev/project-amado/orb_slam3_ros2_ws/install/orbslam3/share/orbslam3//config/monocular-inertial/EuRoC_TimeStamps/V103.txt
[0.150s] -- Up-to-date symlink: /home/ole/Dev/project-amado/orb_slam3_ros2_ws/install/orbslam3/share/orbslam3//config/monocular-inertial/EuRoC_TimeStamps/V201.txt
[0.150s] -- Up-to-date symlink: /home/ole/Dev/project-amado/orb_slam3_ros2_ws/install/orbslam3/share/orbslam3//config/monocular-inertial/EuRoC_TimeStamps/V202.txt
[0.150s] -- Up-to-date symlink: /home/ole/Dev/project-amado/orb_slam3_ros2_ws/install/orbslam3/share/orbslam3//config/monocular-inertial/EuRoC_TimeStamps/V203.txt
[0.150s] -- Up-to-date symlink: /home/ole/Dev/project-amado/orb_slam3_ros2_ws/install/orbslam3/share/orbslam3//config/monocular-inertial/MultiSession/EuRoC_MH01.yaml
[0.151s] -- Up-to-date symlink: /home/ole/Dev/project-amado/orb_slam3_ros2_ws/install/orbslam3/share/orbslam3//config/monocular-inertial/MultiSession/EuRoC_MH02.yaml
[0.151s] -- Up-to-date symlink: /home/ole/Dev/project-amado/orb_slam3_ros2_ws/install/orbslam3/share/orbslam3//config/monocular-inertial/MultiSession/EuRoC_MH03.yaml
[0.151s] -- Up-to-date symlink: /home/ole/Dev/project-amado/orb_slam3_ros2_ws/install/orbslam3/share/orbslam3//config/monocular-inertial/MultiSession/EuRoC_MH04.yaml
[0.151s] -- Up-to-date symlink: /home/ole/Dev/project-amado/orb_slam3_ros2_ws/install/orbslam3/share/orbslam3//config/monocular-inertial/MultiSession/EuRoC_MH05.yaml
[0.151s] -- Up-to-date symlink: /home/ole/Dev/project-amado/orb_slam3_ros2_ws/install/orbslam3/share/orbslam3//config/monocular-inertial/MultiSession/EuRoC_V101.yaml
[0.151s] -- Up-to-date symlink: /home/ole/Dev/project-amado/orb_slam3_ros2_ws/install/orbslam3/share/orbslam3//config/monocular-inertial/MultiSession/EuRoC_V102.yaml
[0.151s] -- Up-to-date symlink: /home/ole/Dev/project-amado/orb_slam3_ros2_ws/install/orbslam3/share/orbslam3//config/monocular-inertial/MultiSession/EuRoC_V103.yaml
[0.151s] -- Up-to-date symlink: /home/ole/Dev/project-amado/orb_slam3_ros2_ws/install/orbslam3/share/orbslam3//config/monocular-inertial/MultiSession/EuRoC_V201.yaml
[0.151s] -- Up-to-date symlink: /home/ole/Dev/project-amado/orb_slam3_ros2_ws/install/orbslam3/share/orbslam3//config/monocular-inertial/MultiSession/EuRoC_V202.yaml
[0.152s] -- Up-to-date symlink: /home/ole/Dev/project-amado/orb_slam3_ros2_ws/install/orbslam3/share/orbslam3//config/monocular-inertial/MultiSession/EuRoC_V203.yaml
[0.152s] -- Up-to-date symlink: /home/ole/Dev/project-amado/orb_slam3_ros2_ws/install/orbslam3/share/orbslam3//config/monocular-inertial/RealSense_D435i.yaml
[0.152s] -- Up-to-date symlink: /home/ole/Dev/project-amado/orb_slam3_ros2_ws/install/orbslam3/share/orbslam3//config/monocular-inertial/RealSense_T265.yaml
[0.152s] -- Up-to-date symlink: /home/ole/Dev/project-amado/orb_slam3_ros2_ws/install/orbslam3/share/orbslam3//config/monocular-inertial/TELLO.yaml
[0.152s] -- Up-to-date symlink: /home/ole/Dev/project-amado/orb_slam3_ros2_ws/install/orbslam3/share/orbslam3//config/monocular-inertial/TUM-VI.yaml
[0.152s] -- Up-to-date symlink: /home/ole/Dev/project-amado/orb_slam3_ros2_ws/install/orbslam3/share/orbslam3//config/monocular-inertial/TUM-VI_far.yaml
[0.152s] -- Up-to-date symlink: /home/ole/Dev/project-amado/orb_slam3_ros2_ws/install/orbslam3/share/orbslam3//config/monocular-inertial/TUM_IMU/dataset-corridor1_512.txt
[0.152s] -- Up-to-date symlink: /home/ole/Dev/project-amado/orb_slam3_ros2_ws/install/orbslam3/share/orbslam3//config/monocular-inertial/TUM_IMU/dataset-corridor2_1024.txt
[0.152s] -- Up-to-date symlink: /home/ole/Dev/project-amado/orb_slam3_ros2_ws/install/orbslam3/share/orbslam3//config/monocular-inertial/TUM_IMU/dataset-corridor2_512.txt
[0.153s] -- Up-to-date symlink: /home/ole/Dev/project-amado/orb_slam3_ros2_ws/install/orbslam3/share/orbslam3//config/monocular-inertial/TUM_IMU/dataset-corridor3_512.txt
[0.153s] -- Up-to-date symlink: /home/ole/Dev/project-amado/orb_slam3_ros2_ws/install/orbslam3/share/orbslam3//config/monocular-inertial/TUM_IMU/dataset-corridor4_512.txt
[0.153s] -- Up-to-date symlink: /home/ole/Dev/project-amado/orb_slam3_ros2_ws/install/orbslam3/share/orbslam3//config/monocular-inertial/TUM_IMU/dataset-corridor5_512.txt
[0.153s] -- Up-to-date symlink: /home/ole/Dev/project-amado/orb_slam3_ros2_ws/install/orbslam3/share/orbslam3//config/monocular-inertial/TUM_IMU/dataset-magistrale1_512.txt
[0.153s] -- Up-to-date symlink: /home/ole/Dev/project-amado/orb_slam3_ros2_ws/install/orbslam3/share/orbslam3//config/monocular-inertial/TUM_IMU/dataset-magistrale2_512.txt
[0.153s] -- Up-to-date symlink: /home/ole/Dev/project-amado/orb_slam3_ros2_ws/install/orbslam3/share/orbslam3//config/monocular-inertial/TUM_IMU/dataset-magistrale3_512.txt
[0.153s] -- Up-to-date symlink: /home/ole/Dev/project-amado/orb_slam3_ros2_ws/install/orbslam3/share/orbslam3//config/monocular-inertial/TUM_IMU/dataset-magistrale4_512.txt
[0.153s] -- Up-to-date symlink: /home/ole/Dev/project-amado/orb_slam3_ros2_ws/install/orbslam3/share/orbslam3//config/monocular-inertial/TUM_IMU/dataset-magistrale5_512.txt
[0.154s] -- Up-to-date symlink: /home/ole/Dev/project-amado/orb_slam3_ros2_ws/install/orbslam3/share/orbslam3//config/monocular-inertial/TUM_IMU/dataset-magistrale6_512.txt
[0.154s] -- Up-to-date symlink: /home/ole/Dev/project-amado/orb_slam3_ros2_ws/install/orbslam3/share/orbslam3//config/monocular-inertial/TUM_IMU/dataset-outdoors1_512.txt
[0.154s] -- Up-to-date symlink: /home/ole/Dev/project-amado/orb_slam3_ros2_ws/install/orbslam3/share/orbslam3//config/monocular-inertial/TUM_IMU/dataset-outdoors2_512.txt
[0.154s] -- Up-to-date symlink: /home/ole/Dev/project-amado/orb_slam3_ros2_ws/install/orbslam3/share/orbslam3//config/monocular-inertial/TUM_IMU/dataset-outdoors3_512.txt
[0.154s] -- Up-to-date symlink: /home/ole/Dev/project-amado/orb_slam3_ros2_ws/install/orbslam3/share/orbslam3//config/monocular-inertial/TUM_IMU/dataset-outdoors4_512.txt
[0.154s] -- Up-to-date symlink: /home/ole/Dev/project-amado/orb_slam3_ros2_ws/install/orbslam3/share/orbslam3//config/monocular-inertial/TUM_IMU/dataset-outdoors5_512.txt
[0.154s] -- Up-to-date symlink: /home/ole/Dev/project-amado/orb_slam3_ros2_ws/install/orbslam3/share/orbslam3//config/monocular-inertial/TUM_IMU/dataset-outdoors6_512.txt
[0.154s] -- Up-to-date symlink: /home/ole/Dev/project-amado/orb_slam3_ros2_ws/install/orbslam3/share/orbslam3//config/monocular-inertial/TUM_IMU/dataset-outdoors7_512.txt
[0.155s] -- Up-to-date symlink: /home/ole/Dev/project-amado/orb_slam3_ros2_ws/install/orbslam3/share/orbslam3//config/monocular-inertial/TUM_IMU/dataset-outdoors8_512.txt
[0.155s] -- Up-to-date symlink: /home/ole/Dev/project-amado/orb_slam3_ros2_ws/install/orbslam3/share/orbslam3//config/monocular-inertial/TUM_IMU/dataset-room1_512.txt
[0.155s] -- Up-to-date symlink: /home/ole/Dev/project-amado/orb_slam3_ros2_ws/install/orbslam3/share/orbslam3//config/monocular-inertial/TUM_IMU/dataset-room2_512.txt
[0.155s] -- Up-to-date symlink: /home/ole/Dev/project-amado/orb_slam3_ros2_ws/install/orbslam3/share/orbslam3//config/monocular-inertial/TUM_IMU/dataset-room3_512.txt
[0.155s] -- Up-to-date symlink: /home/ole/Dev/project-amado/orb_slam3_ros2_ws/install/orbslam3/share/orbslam3//config/monocular-inertial/TUM_IMU/dataset-room4_512.txt
[0.155s] -- Up-to-date symlink: /home/ole/Dev/project-amado/orb_slam3_ros2_ws/install/orbslam3/share/orbslam3//config/monocular-inertial/TUM_IMU/dataset-room5_512.txt
[0.155s] -- Up-to-date symlink: /home/ole/Dev/project-amado/orb_slam3_ros2_ws/install/orbslam3/share/orbslam3//config/monocular-inertial/TUM_IMU/dataset-room6_512.txt
[0.155s] -- Up-to-date symlink: /home/ole/Dev/project-amado/orb_slam3_ros2_ws/install/orbslam3/share/orbslam3//config/monocular-inertial/TUM_IMU/dataset-slides1_512.txt
[0.156s] -- Up-to-date symlink: /home/ole/Dev/project-amado/orb_slam3_ros2_ws/install/orbslam3/share/orbslam3//config/monocular-inertial/TUM_IMU/dataset-slides2_512.txt
[0.156s] -- Up-to-date symlink: /home/ole/Dev/project-amado/orb_slam3_ros2_ws/install/orbslam3/share/orbslam3//config/monocular-inertial/TUM_IMU/dataset-slides3_512.txt
[0.156s] -- Up-to-date symlink: /home/ole/Dev/project-amado/orb_slam3_ros2_ws/install/orbslam3/share/orbslam3//config/monocular-inertial/TUM_TimeStamps/dataset-corridor1_512.txt
[0.156s] -- Up-to-date symlink: /home/ole/Dev/project-amado/orb_slam3_ros2_ws/install/orbslam3/share/orbslam3//config/monocular-inertial/TUM_TimeStamps/dataset-corridor2_1024.txt
[0.156s] -- Up-to-date symlink: /home/ole/Dev/project-amado/orb_slam3_ros2_ws/install/orbslam3/share/orbslam3//config/monocular-inertial/TUM_TimeStamps/dataset-corridor2_512.txt
[0.156s] -- Up-to-date symlink: /home/ole/Dev/project-amado/orb_slam3_ros2_ws/install/orbslam3/share/orbslam3//config/monocular-inertial/TUM_TimeStamps/dataset-corridor3_512.txt
[0.156s] -- Up-to-date symlink: /home/ole/Dev/project-amado/orb_slam3_ros2_ws/install/orbslam3/share/orbslam3//config/monocular-inertial/TUM_TimeStamps/dataset-corridor4_512.txt
[0.157s] -- Up-to-date symlink: /home/ole/Dev/project-amado/orb_slam3_ros2_ws/install/orbslam3/share/orbslam3//config/monocular-inertial/TUM_TimeStamps/dataset-corridor5_512.txt
[0.157s] -- Up-to-date symlink: /home/ole/Dev/project-amado/orb_slam3_ros2_ws/install/orbslam3/share/orbslam3//config/monocular-inertial/TUM_TimeStamps/dataset-magistrale1_512.txt
[0.157s] -- Up-to-date symlink: /home/ole/Dev/project-amado/orb_slam3_ros2_ws/install/orbslam3/share/orbslam3//config/monocular-inertial/TUM_TimeStamps/dataset-magistrale2_512.txt
[0.157s] -- Up-to-date symlink: /home/ole/Dev/project-amado/orb_slam3_ros2_ws/install/orbslam3/share/orbslam3//config/monocular-inertial/TUM_TimeStamps/dataset-magistrale3_512.txt
[0.157s] -- Up-to-date symlink: /home/ole/Dev/project-amado/orb_slam3_ros2_ws/install/orbslam3/share/orbslam3//config/monocular-inertial/TUM_TimeStamps/dataset-magistrale4_512.txt
[0.157s] -- Up-to-date symlink: /home/ole/Dev/project-amado/orb_slam3_ros2_ws/install/orbslam3/share/orbslam3//config/monocular-inertial/TUM_TimeStamps/dataset-magistrale5_512.txt
[0.157s] -- Up-to-date symlink: /home/ole/Dev/project-amado/orb_slam3_ros2_ws/install/orbslam3/share/orbslam3//config/monocular-inertial/TUM_TimeStamps/dataset-magistrale6_512.txt
[0.158s] -- Up-to-date symlink: /home/ole/Dev/project-amado/orb_slam3_ros2_ws/install/orbslam3/share/orbslam3//config/monocular-inertial/TUM_TimeStamps/dataset-outdoors1_512.txt
[0.158s] -- Up-to-date symlink: /home/ole/Dev/project-amado/orb_slam3_ros2_ws/install/orbslam3/share/orbslam3//config/monocular-inertial/TUM_TimeStamps/dataset-outdoors2_512.txt
[0.158s] -- Up-to-date symlink: /home/ole/Dev/project-amado/orb_slam3_ros2_ws/install/orbslam3/share/orbslam3//config/monocular-inertial/TUM_TimeStamps/dataset-outdoors3_512.txt
[0.158s] -- Up-to-date symlink: /home/ole/Dev/project-amado/orb_slam3_ros2_ws/install/orbslam3/share/orbslam3//config/monocular-inertial/TUM_TimeStamps/dataset-outdoors4_512.txt
[0.158s] -- Up-to-date symlink: /home/ole/Dev/project-amado/orb_slam3_ros2_ws/install/orbslam3/share/orbslam3//config/monocular-inertial/TUM_TimeStamps/dataset-outdoors5_512.txt
[0.158s] -- Up-to-date symlink: /home/ole/Dev/project-amado/orb_slam3_ros2_ws/install/orbslam3/share/orbslam3//config/monocular-inertial/TUM_TimeStamps/dataset-outdoors6_512.txt
[0.158s] -- Up-to-date symlink: /home/ole/Dev/project-amado/orb_slam3_ros2_ws/install/orbslam3/share/orbslam3//config/monocular-inertial/TUM_TimeStamps/dataset-outdoors7_512.txt
[0.159s] -- Up-to-date symlink: /home/ole/Dev/project-amado/orb_slam3_ros2_ws/install/orbslam3/share/orbslam3//config/monocular-inertial/TUM_TimeStamps/dataset-outdoors8_512.txt
[0.159s] -- Up-to-date symlink: /home/ole/Dev/project-amado/orb_slam3_ros2_ws/install/orbslam3/share/orbslam3//config/monocular-inertial/TUM_TimeStamps/dataset-room1_512.txt
[0.159s] -- Up-to-date symlink: /home/ole/Dev/project-amado/orb_slam3_ros2_ws/install/orbslam3/share/orbslam3//config/monocular-inertial/TUM_TimeStamps/dataset-room2_512.txt
[0.159s] -- Up-to-date symlink: /home/ole/Dev/project-amado/orb_slam3_ros2_ws/install/orbslam3/share/orbslam3//config/monocular-inertial/TUM_TimeStamps/dataset-room3_512.txt
[0.159s] -- Up-to-date symlink: /home/ole/Dev/project-amado/orb_slam3_ros2_ws/install/orbslam3/share/orbslam3//config/monocular-inertial/TUM_TimeStamps/dataset-room4_512.txt
[0.159s] -- Up-to-date symlink: /home/ole/Dev/project-amado/orb_slam3_ros2_ws/install/orbslam3/share/orbslam3//config/monocular-inertial/TUM_TimeStamps/dataset-room5_512.txt
[0.161s] -- Up-to-date symlink: /home/ole/Dev/project-amado/orb_slam3_ros2_ws/install/orbslam3/share/orbslam3//config/monocular-inertial/TUM_TimeStamps/dataset-room6_512.txt
[0.161s] -- Up-to-date symlink: /home/ole/Dev/project-amado/orb_slam3_ros2_ws/install/orbslam3/share/orbslam3//config/monocular-inertial/TUM_TimeStamps/dataset-slides1_512.txt
[0.161s] -- Up-to-date symlink: /home/ole/Dev/project-amado/orb_slam3_ros2_ws/install/orbslam3/share/orbslam3//config/monocular-inertial/TUM_TimeStamps/dataset-slides2_512.txt
[0.161s] -- Up-to-date symlink: /home/ole/Dev/project-amado/orb_slam3_ros2_ws/install/orbslam3/share/orbslam3//config/monocular-inertial/TUM_TimeStamps/dataset-slides3_512.txt
[0.161s] -- Up-to-date symlink: /home/ole/Dev/project-amado/orb_slam3_ros2_ws/install/orbslam3/share/orbslam3//config/monocular/EuRoC.yaml
[0.162s] -- Up-to-date symlink: /home/ole/Dev/project-amado/orb_slam3_ros2_ws/install/orbslam3/share/orbslam3//config/monocular/EuRoC_TimeStamps/MH01.txt
[0.162s] -- Up-to-date symlink: /home/ole/Dev/project-amado/orb_slam3_ros2_ws/install/orbslam3/share/orbslam3//config/monocular/EuRoC_TimeStamps/MH02.txt
[0.162s] -- Up-to-date symlink: /home/ole/Dev/project-amado/orb_slam3_ros2_ws/install/orbslam3/share/orbslam3//config/monocular/EuRoC_TimeStamps/MH03.txt
[0.162s] -- Up-to-date symlink: /home/ole/Dev/project-amado/orb_slam3_ros2_ws/install/orbslam3/share/orbslam3//config/monocular/EuRoC_TimeStamps/MH04.txt
[0.162s] -- Up-to-date symlink: /home/ole/Dev/project-amado/orb_slam3_ros2_ws/install/orbslam3/share/orbslam3//config/monocular/EuRoC_TimeStamps/MH05.txt
[0.162s] -- Up-to-date symlink: /home/ole/Dev/project-amado/orb_slam3_ros2_ws/install/orbslam3/share/orbslam3//config/monocular/EuRoC_TimeStamps/V101.txt
[0.163s] -- Up-to-date symlink: /home/ole/Dev/project-amado/orb_slam3_ros2_ws/install/orbslam3/share/orbslam3//config/monocular/EuRoC_TimeStamps/V102.txt
[0.163s] -- Up-to-date symlink: /home/ole/Dev/project-amado/orb_slam3_ros2_ws/install/orbslam3/share/orbslam3//config/monocular/EuRoC_TimeStamps/V103.txt
[0.163s] -- Up-to-date symlink: /home/ole/Dev/project-amado/orb_slam3_ros2_ws/install/orbslam3/share/orbslam3//config/monocular/EuRoC_TimeStamps/V201.txt
[0.163s] -- Up-to-date symlink: /home/ole/Dev/project-amado/orb_slam3_ros2_ws/install/orbslam3/share/orbslam3//config/monocular/EuRoC_TimeStamps/V202.txt
[0.163s] -- Up-to-date symlink: /home/ole/Dev/project-amado/orb_slam3_ros2_ws/install/orbslam3/share/orbslam3//config/monocular/EuRoC_TimeStamps/V203.txt
[0.163s] -- Up-to-date symlink: /home/ole/Dev/project-amado/orb_slam3_ros2_ws/install/orbslam3/share/orbslam3//config/monocular/KITTI00-02.yaml
[0.164s] -- Up-to-date symlink: /home/ole/Dev/project-amado/orb_slam3_ros2_ws/install/orbslam3/share/orbslam3//config/monocular/KITTI03.yaml
[0.164s] -- Up-to-date symlink: /home/ole/Dev/project-amado/orb_slam3_ros2_ws/install/orbslam3/share/orbslam3//config/monocular/KITTI04-12.yaml
[0.164s] -- Up-to-date symlink: /home/ole/Dev/project-amado/orb_slam3_ros2_ws/install/orbslam3/share/orbslam3//config/monocular/MultiSession/EuRoC_MH01.yaml
[0.164s] -- Up-to-date symlink: /home/ole/Dev/project-amado/orb_slam3_ros2_ws/install/orbslam3/share/orbslam3//config/monocular/MultiSession/EuRoC_MH02.yaml
[0.164s] -- Up-to-date symlink: /home/ole/Dev/project-amado/orb_slam3_ros2_ws/install/orbslam3/share/orbslam3//config/monocular/MultiSession/EuRoC_MH03.yaml
[0.164s] -- Up-to-date symlink: /home/ole/Dev/project-amado/orb_slam3_ros2_ws/install/orbslam3/share/orbslam3//config/monocular/MultiSession/EuRoC_MH04.yaml
[0.164s] -- Up-to-date symlink: /home/ole/Dev/project-amado/orb_slam3_ros2_ws/install/orbslam3/share/orbslam3//config/monocular/MultiSession/EuRoC_MH05.yaml
[0.165s] -- Up-to-date symlink: /home/ole/Dev/project-amado/orb_slam3_ros2_ws/install/orbslam3/share/orbslam3//config/monocular/MultiSession/EuRoC_V101.yaml
[0.165s] -- Up-to-date symlink: /home/ole/Dev/project-amado/orb_slam3_ros2_ws/install/orbslam3/share/orbslam3//config/monocular/MultiSession/EuRoC_V102.yaml
[0.165s] -- Up-to-date symlink: /home/ole/Dev/project-amado/orb_slam3_ros2_ws/install/orbslam3/share/orbslam3//config/monocular/MultiSession/EuRoC_V103.yaml
[0.165s] -- Up-to-date symlink: /home/ole/Dev/project-amado/orb_slam3_ros2_ws/install/orbslam3/share/orbslam3//config/monocular/MultiSession/EuRoC_V201.yaml
[0.165s] -- Up-to-date symlink: /home/ole/Dev/project-amado/orb_slam3_ros2_ws/install/orbslam3/share/orbslam3//config/monocular/MultiSession/EuRoC_V202.yaml
[0.165s] -- Up-to-date symlink: /home/ole/Dev/project-amado/orb_slam3_ros2_ws/install/orbslam3/share/orbslam3//config/monocular/MultiSession/EuRoC_V203.yaml
[0.165s] -- Up-to-date symlink: /home/ole/Dev/project-amado/orb_slam3_ros2_ws/install/orbslam3/share/orbslam3//config/monocular/RealSense_D435i.yaml
[0.166s] -- Up-to-date symlink: /home/ole/Dev/project-amado/orb_slam3_ros2_ws/install/orbslam3/share/orbslam3//config/monocular/RealSense_T265.yaml
[0.166s] -- Up-to-date symlink: /home/ole/Dev/project-amado/orb_slam3_ros2_ws/install/orbslam3/share/orbslam3//config/monocular/TELLO.yaml
[0.166s] -- Up-to-date symlink: /home/ole/Dev/project-amado/orb_slam3_ros2_ws/install/orbslam3/share/orbslam3//config/monocular/TUM-VI.yaml
[0.166s] -- Up-to-date symlink: /home/ole/Dev/project-amado/orb_slam3_ros2_ws/install/orbslam3/share/orbslam3//config/monocular/TUM1.yaml
[0.166s] -- Up-to-date symlink: /home/ole/Dev/project-amado/orb_slam3_ros2_ws/install/orbslam3/share/orbslam3//config/monocular/TUM2.yaml
[0.166s] -- Up-to-date symlink: /home/ole/Dev/project-amado/orb_slam3_ros2_ws/install/orbslam3/share/orbslam3//config/monocular/TUM3.yaml
[0.167s] -- Up-to-date symlink: /home/ole/Dev/project-amado/orb_slam3_ros2_ws/install/orbslam3/share/orbslam3//config/monocular/TUM_TimeStamps/dataset-corridor1_512.txt
[0.167s] -- Up-to-date symlink: /home/ole/Dev/project-amado/orb_slam3_ros2_ws/install/orbslam3/share/orbslam3//config/monocular/TUM_TimeStamps/dataset-corridor2_1024.txt
[0.167s] -- Up-to-date symlink: /home/ole/Dev/project-amado/orb_slam3_ros2_ws/install/orbslam3/share/orbslam3//config/monocular/TUM_TimeStamps/dataset-corridor2_512.txt
[0.167s] -- Up-to-date symlink: /home/ole/Dev/project-amado/orb_slam3_ros2_ws/install/orbslam3/share/orbslam3//config/monocular/TUM_TimeStamps/dataset-corridor3_512.txt
[0.167s] -- Up-to-date symlink: /home/ole/Dev/project-amado/orb_slam3_ros2_ws/install/orbslam3/share/orbslam3//config/monocular/TUM_TimeStamps/dataset-corridor4_512.txt
[0.167s] -- Up-to-date symlink: /home/ole/Dev/project-amado/orb_slam3_ros2_ws/install/orbslam3/share/orbslam3//config/monocular/TUM_TimeStamps/dataset-corridor5_512.txt
[0.168s] -- Up-to-date symlink: /home/ole/Dev/project-amado/orb_slam3_ros2_ws/install/orbslam3/share/orbslam3//config/monocular/TUM_TimeStamps/dataset-magistrale1_512.txt
[0.168s] -- Up-to-date symlink: /home/ole/Dev/project-amado/orb_slam3_ros2_ws/install/orbslam3/share/orbslam3//config/monocular/TUM_TimeStamps/dataset-magistrale2_512.txt
[0.168s] -- Up-to-date symlink: /home/ole/Dev/project-amado/orb_slam3_ros2_ws/install/orbslam3/share/orbslam3//config/monocular/TUM_TimeStamps/dataset-magistrale3_512.txt
[0.168s] -- Up-to-date symlink: /home/ole/Dev/project-amado/orb_slam3_ros2_ws/install/orbslam3/share/orbslam3//config/monocular/TUM_TimeStamps/dataset-magistrale4_512.txt
[0.168s] -- Up-to-date symlink: /home/ole/Dev/project-amado/orb_slam3_ros2_ws/install/orbslam3/share/orbslam3//config/monocular/TUM_TimeStamps/dataset-magistrale5_512.txt
[0.168s] -- Up-to-date symlink: /home/ole/Dev/project-amado/orb_slam3_ros2_ws/install/orbslam3/share/orbslam3//config/monocular/TUM_TimeStamps/dataset-magistrale6_512.txt
[0.168s] -- Up-to-date symlink: /home/ole/Dev/project-amado/orb_slam3_ros2_ws/install/orbslam3/share/orbslam3//config/monocular/TUM_TimeStamps/dataset-outdoors1_512.txt
[0.169s] -- Up-to-date symlink: /home/ole/Dev/project-amado/orb_slam3_ros2_ws/install/orbslam3/share/orbslam3//config/monocular/TUM_TimeStamps/dataset-outdoors2_512.txt
[0.169s] -- Up-to-date symlink: /home/ole/Dev/project-amado/orb_slam3_ros2_ws/install/orbslam3/share/orbslam3//config/monocular/TUM_TimeStamps/dataset-outdoors3_512.txt
[0.169s] -- Up-to-date symlink: /home/ole/Dev/project-amado/orb_slam3_ros2_ws/install/orbslam3/share/orbslam3//config/monocular/TUM_TimeStamps/dataset-outdoors4_512.txt
[0.169s] -- Up-to-date symlink: /home/ole/Dev/project-amado/orb_slam3_ros2_ws/install/orbslam3/share/orbslam3//config/monocular/TUM_TimeStamps/dataset-outdoors5_512.txt
[0.169s] -- Up-to-date symlink: /home/ole/Dev/project-amado/orb_slam3_ros2_ws/install/orbslam3/share/orbslam3//config/monocular/TUM_TimeStamps/dataset-outdoors6_512.txt
[0.169s] -- Up-to-date symlink: /home/ole/Dev/project-amado/orb_slam3_ros2_ws/install/orbslam3/share/orbslam3//config/monocular/TUM_TimeStamps/dataset-outdoors7_512.txt
[0.169s] -- Up-to-date symlink: /home/ole/Dev/project-amado/orb_slam3_ros2_ws/install/orbslam3/share/orbslam3//config/monocular/TUM_TimeStamps/dataset-outdoors8_512.txt
[0.169s] -- Up-to-date symlink: /home/ole/Dev/project-amado/orb_slam3_ros2_ws/install/orbslam3/share/orbslam3//config/monocular/TUM_TimeStamps/dataset-room1_512.txt
[0.170s] -- Up-to-date symlink: /home/ole/Dev/project-amado/orb_slam3_ros2_ws/install/orbslam3/share/orbslam3//config/monocular/TUM_TimeStamps/dataset-room2_512.txt
[0.170s] -- Up-to-date symlink: /home/ole/Dev/project-amado/orb_slam3_ros2_ws/install/orbslam3/share/orbslam3//config/monocular/TUM_TimeStamps/dataset-room3_512.txt
[0.170s] -- Up-to-date symlink: /home/ole/Dev/project-amado/orb_slam3_ros2_ws/install/orbslam3/share/orbslam3//config/monocular/TUM_TimeStamps/dataset-room4_512.txt
[0.170s] -- Up-to-date symlink: /home/ole/Dev/project-amado/orb_slam3_ros2_ws/install/orbslam3/share/orbslam3//config/monocular/TUM_TimeStamps/dataset-room5_512.txt
[0.170s] -- Up-to-date symlink: /home/ole/Dev/project-amado/orb_slam3_ros2_ws/install/orbslam3/share/orbslam3//config/monocular/TUM_TimeStamps/dataset-room6_512.txt
[0.170s] -- Up-to-date symlink: /home/ole/Dev/project-amado/orb_slam3_ros2_ws/install/orbslam3/share/orbslam3//config/monocular/TUM_TimeStamps/dataset-slides1_512.txt
[0.170s] -- Up-to-date symlink: /home/ole/Dev/project-amado/orb_slam3_ros2_ws/install/orbslam3/share/orbslam3//config/monocular/TUM_TimeStamps/dataset-slides2_512.txt
[0.170s] -- Up-to-date symlink: /home/ole/Dev/project-amado/orb_slam3_ros2_ws/install/orbslam3/share/orbslam3//config/monocular/TUM_TimeStamps/dataset-slides3_512.txt
[0.171s] -- Up-to-date symlink: /home/ole/Dev/project-amado/orb_slam3_ros2_ws/install/orbslam3/share/orbslam3//config/rgb-d-inertial/RealSense_D435i.yaml
[0.171s] -- Up-to-date symlink: /home/ole/Dev/project-amado/orb_slam3_ros2_ws/install/orbslam3/share/orbslam3//config/rgb-d/RealSense_D435i.yaml
[0.171s] -- Up-to-date symlink: /home/ole/Dev/project-amado/orb_slam3_ros2_ws/install/orbslam3/share/orbslam3//config/rgb-d/TUM1.yaml
[0.171s] -- Up-to-date symlink: /home/ole/Dev/project-amado/orb_slam3_ros2_ws/install/orbslam3/share/orbslam3//config/rgb-d/TUM2.yaml
[0.171s] -- Up-to-date symlink: /home/ole/Dev/project-amado/orb_slam3_ros2_ws/install/orbslam3/share/orbslam3//config/rgb-d/TUM3.yaml
[0.171s] -- Up-to-date symlink: /home/ole/Dev/project-amado/orb_slam3_ros2_ws/install/orbslam3/share/orbslam3//config/rgb-d/associations/fr1_desk.txt
[0.171s] -- Up-to-date symlink: /home/ole/Dev/project-amado/orb_slam3_ros2_ws/install/orbslam3/share/orbslam3//config/rgb-d/associations/fr1_desk2.txt
[0.171s] -- Up-to-date symlink: /home/ole/Dev/project-amado/orb_slam3_ros2_ws/install/orbslam3/share/orbslam3//config/rgb-d/associations/fr1_room.txt
[0.171s] -- Up-to-date symlink: /home/ole/Dev/project-amado/orb_slam3_ros2_ws/install/orbslam3/share/orbslam3//config/rgb-d/associations/fr1_xyz.txt
[0.171s] -- Up-to-date symlink: /home/ole/Dev/project-amado/orb_slam3_ros2_ws/install/orbslam3/share/orbslam3//config/rgb-d/associations/fr2_desk.txt
[0.171s] -- Up-to-date symlink: /home/ole/Dev/project-amado/orb_slam3_ros2_ws/install/orbslam3/share/orbslam3//config/rgb-d/associations/fr2_xyz.txt
[0.172s] -- Up-to-date symlink: /home/ole/Dev/project-amado/orb_slam3_ros2_ws/install/orbslam3/share/orbslam3//config/rgb-d/associations/fr3_nstr_tex_near.txt
[0.172s] -- Up-to-date symlink: /home/ole/Dev/project-amado/orb_slam3_ros2_ws/install/orbslam3/share/orbslam3//config/rgb-d/associations/fr3_office.txt
[0.172s] -- Up-to-date symlink: /home/ole/Dev/project-amado/orb_slam3_ros2_ws/install/orbslam3/share/orbslam3//config/rgb-d/associations/fr3_office_val.txt
[0.172s] -- Up-to-date symlink: /home/ole/Dev/project-amado/orb_slam3_ros2_ws/install/orbslam3/share/orbslam3//config/rgb-d/associations/fr3_str_tex_far.txt
[0.172s] -- Up-to-date symlink: /home/ole/Dev/project-amado/orb_slam3_ros2_ws/install/orbslam3/share/orbslam3//config/rgb-d/associations/fr3_str_tex_near.txt
[0.172s] -- Up-to-date symlink: /home/ole/Dev/project-amado/orb_slam3_ros2_ws/install/orbslam3/share/orbslam3//config/stereo-inertial/EuRoC.yaml
[0.172s] -- Up-to-date symlink: /home/ole/Dev/project-amado/orb_slam3_ros2_ws/install/orbslam3/share/orbslam3//config/stereo-inertial/EuRoC_IMU/MH01.txt
[0.172s] -- Up-to-date symlink: /home/ole/Dev/project-amado/orb_slam3_ros2_ws/install/orbslam3/share/orbslam3//config/stereo-inertial/EuRoC_IMU/MH02.txt
[0.172s] -- Up-to-date symlink: /home/ole/Dev/project-amado/orb_slam3_ros2_ws/install/orbslam3/share/orbslam3//config/stereo-inertial/EuRoC_IMU/MH03.txt
[0.172s] -- Up-to-date symlink: /home/ole/Dev/project-amado/orb_slam3_ros2_ws/install/orbslam3/share/orbslam3//config/stereo-inertial/EuRoC_IMU/MH04.txt
[0.172s] -- Up-to-date symlink: /home/ole/Dev/project-amado/orb_slam3_ros2_ws/install/orbslam3/share/orbslam3//config/stereo-inertial/EuRoC_IMU/MH05.txt
[0.172s] -- Up-to-date symlink: /home/ole/Dev/project-amado/orb_slam3_ros2_ws/install/orbslam3/share/orbslam3//config/stereo-inertial/EuRoC_IMU/V101.txt
[0.173s] -- Up-to-date symlink: /home/ole/Dev/project-amado/orb_slam3_ros2_ws/install/orbslam3/share/orbslam3//config/stereo-inertial/EuRoC_IMU/V102.txt
[0.173s] -- Up-to-date symlink: /home/ole/Dev/project-amado/orb_slam3_ros2_ws/install/orbslam3/share/orbslam3//config/stereo-inertial/EuRoC_IMU/V103.txt
[0.173s] -- Up-to-date symlink: /home/ole/Dev/project-amado/orb_slam3_ros2_ws/install/orbslam3/share/orbslam3//config/stereo-inertial/EuRoC_IMU/V201.txt
[0.173s] -- Up-to-date symlink: /home/ole/Dev/project-amado/orb_slam3_ros2_ws/install/orbslam3/share/orbslam3//config/stereo-inertial/EuRoC_IMU/V202.txt
[0.173s] -- Up-to-date symlink: /home/ole/Dev/project-amado/orb_slam3_ros2_ws/install/orbslam3/share/orbslam3//config/stereo-inertial/EuRoC_IMU/V203.txt
[0.173s] -- Up-to-date symlink: /home/ole/Dev/project-amado/orb_slam3_ros2_ws/install/orbslam3/share/orbslam3//config/stereo-inertial/EuRoC_TimeStamps/MH01.txt
[0.173s] -- Up-to-date symlink: /home/ole/Dev/project-amado/orb_slam3_ros2_ws/install/orbslam3/share/orbslam3//config/stereo-inertial/EuRoC_TimeStamps/MH02.txt
[0.173s] -- Up-to-date symlink: /home/ole/Dev/project-amado/orb_slam3_ros2_ws/install/orbslam3/share/orbslam3//config/stereo-inertial/EuRoC_TimeStamps/MH03.txt
[0.173s] -- Up-to-date symlink: /home/ole/Dev/project-amado/orb_slam3_ros2_ws/install/orbslam3/share/orbslam3//config/stereo-inertial/EuRoC_TimeStamps/MH04.txt
[0.173s] -- Up-to-date symlink: /home/ole/Dev/project-amado/orb_slam3_ros2_ws/install/orbslam3/share/orbslam3//config/stereo-inertial/EuRoC_TimeStamps/MH05.txt
[0.174s] -- Up-to-date symlink: /home/ole/Dev/project-amado/orb_slam3_ros2_ws/install/orbslam3/share/orbslam3//config/stereo-inertial/EuRoC_TimeStamps/V101.txt
[0.174s] -- Up-to-date symlink: /home/ole/Dev/project-amado/orb_slam3_ros2_ws/install/orbslam3/share/orbslam3//config/stereo-inertial/EuRoC_TimeStamps/V102.txt
[0.174s] -- Up-to-date symlink: /home/ole/Dev/project-amado/orb_slam3_ros2_ws/install/orbslam3/share/orbslam3//config/stereo-inertial/EuRoC_TimeStamps/V103.txt
[0.174s] -- Up-to-date symlink: /home/ole/Dev/project-amado/orb_slam3_ros2_ws/install/orbslam3/share/orbslam3//config/stereo-inertial/EuRoC_TimeStamps/V201.txt
[0.174s] -- Up-to-date symlink: /home/ole/Dev/project-amado/orb_slam3_ros2_ws/install/orbslam3/share/orbslam3//config/stereo-inertial/EuRoC_TimeStamps/V202.txt
[0.174s] -- Up-to-date symlink: /home/ole/Dev/project-amado/orb_slam3_ros2_ws/install/orbslam3/share/orbslam3//config/stereo-inertial/EuRoC_TimeStamps/V203.txt
[0.174s] -- Up-to-date symlink: /home/ole/Dev/project-amado/orb_slam3_ros2_ws/install/orbslam3/share/orbslam3//config/stereo-inertial/EuRoC_TimeStamps/V203_2.txt
[0.174s] -- Up-to-date symlink: /home/ole/Dev/project-amado/orb_slam3_ros2_ws/install/orbslam3/share/orbslam3//config/stereo-inertial/MultiSession/EuRoC_MH01.yaml
[0.174s] -- Up-to-date symlink: /home/ole/Dev/project-amado/orb_slam3_ros2_ws/install/orbslam3/share/orbslam3//config/stereo-inertial/MultiSession/EuRoC_MH02.yaml
[0.174s] -- Up-to-date symlink: /home/ole/Dev/project-amado/orb_slam3_ros2_ws/install/orbslam3/share/orbslam3//config/stereo-inertial/MultiSession/EuRoC_MH03.yaml
[0.174s] -- Up-to-date symlink: /home/ole/Dev/project-amado/orb_slam3_ros2_ws/install/orbslam3/share/orbslam3//config/stereo-inertial/MultiSession/EuRoC_MH04.yaml
[0.175s] -- Up-to-date symlink: /home/ole/Dev/project-amado/orb_slam3_ros2_ws/install/orbslam3/share/orbslam3//config/stereo-inertial/MultiSession/EuRoC_MH05.yaml
[0.175s] -- Up-to-date symlink: /home/ole/Dev/project-amado/orb_slam3_ros2_ws/install/orbslam3/share/orbslam3//config/stereo-inertial/MultiSession/EuRoC_V101.yaml
[0.175s] -- Up-to-date symlink: /home/ole/Dev/project-amado/orb_slam3_ros2_ws/install/orbslam3/share/orbslam3//config/stereo-inertial/MultiSession/EuRoC_V102.yaml
[0.175s] -- Up-to-date symlink: /home/ole/Dev/project-amado/orb_slam3_ros2_ws/install/orbslam3/share/orbslam3//config/stereo-inertial/MultiSession/EuRoC_V103.yaml
[0.175s] -- Up-to-date symlink: /home/ole/Dev/project-amado/orb_slam3_ros2_ws/install/orbslam3/share/orbslam3//config/stereo-inertial/MultiSession/EuRoC_V201.yaml
[0.175s] -- Up-to-date symlink: /home/ole/Dev/project-amado/orb_slam3_ros2_ws/install/orbslam3/share/orbslam3//config/stereo-inertial/MultiSession/EuRoC_V202.yaml
[0.175s] -- Up-to-date symlink: /home/ole/Dev/project-amado/orb_slam3_ros2_ws/install/orbslam3/share/orbslam3//config/stereo-inertial/MultiSession/EuRoC_V203.yaml
[0.175s] -- Up-to-date symlink: /home/ole/Dev/project-amado/orb_slam3_ros2_ws/install/orbslam3/share/orbslam3//config/stereo-inertial/RealSense_D435i.yaml
[0.175s] -- Up-to-date symlink: /home/ole/Dev/project-amado/orb_slam3_ros2_ws/install/orbslam3/share/orbslam3//config/stereo-inertial/RealSense_T265.yaml
[0.175s] -- Up-to-date symlink: /home/ole/Dev/project-amado/orb_slam3_ros2_ws/install/orbslam3/share/orbslam3//config/stereo-inertial/TUM-VI.yaml
[0.175s] -- Up-to-date symlink: /home/ole/Dev/project-amado/orb_slam3_ros2_ws/install/orbslam3/share/orbslam3//config/stereo-inertial/TUM-VI_far.yaml
[0.176s] -- Up-to-date symlink: /home/ole/Dev/project-amado/orb_slam3_ros2_ws/install/orbslam3/share/orbslam3//config/stereo-inertial/TUM_IMU/dataset-corridor1_512.txt
[0.176s] -- Up-to-date symlink: /home/ole/Dev/project-amado/orb_slam3_ros2_ws/install/orbslam3/share/orbslam3//config/stereo-inertial/TUM_IMU/dataset-corridor2_1024.txt
[0.176s] -- Up-to-date symlink: /home/ole/Dev/project-amado/orb_slam3_ros2_ws/install/orbslam3/share/orbslam3//config/stereo-inertial/TUM_IMU/dataset-corridor2_512.txt
[0.176s] -- Up-to-date symlink: /home/ole/Dev/project-amado/orb_slam3_ros2_ws/install/orbslam3/share/orbslam3//config/stereo-inertial/TUM_IMU/dataset-corridor3_512.txt
[0.176s] -- Up-to-date symlink: /home/ole/Dev/project-amado/orb_slam3_ros2_ws/install/orbslam3/share/orbslam3//config/stereo-inertial/TUM_IMU/dataset-corridor4_512.txt
[0.176s] -- Up-to-date symlink: /home/ole/Dev/project-amado/orb_slam3_ros2_ws/install/orbslam3/share/orbslam3//config/stereo-inertial/TUM_IMU/dataset-corridor5_512.txt
[0.176s] -- Up-to-date symlink: /home/ole/Dev/project-amado/orb_slam3_ros2_ws/install/orbslam3/share/orbslam3//config/stereo-inertial/TUM_IMU/dataset-magistrale1_512.txt
[0.176s] -- Up-to-date symlink: /home/ole/Dev/project-amado/orb_slam3_ros2_ws/install/orbslam3/share/orbslam3//config/stereo-inertial/TUM_IMU/dataset-magistrale2_512.txt
[0.176s] -- Up-to-date symlink: /home/ole/Dev/project-amado/orb_slam3_ros2_ws/install/orbslam3/share/orbslam3//config/stereo-inertial/TUM_IMU/dataset-magistrale3_512.txt
[0.176s] -- Up-to-date symlink: /home/ole/Dev/project-amado/orb_slam3_ros2_ws/install/orbslam3/share/orbslam3//config/stereo-inertial/TUM_IMU/dataset-magistrale4_512.txt
[0.176s] -- Up-to-date symlink: /home/ole/Dev/project-amado/orb_slam3_ros2_ws/install/orbslam3/share/orbslam3//config/stereo-inertial/TUM_IMU/dataset-magistrale5_512.txt
[0.177s] -- Up-to-date symlink: /home/ole/Dev/project-amado/orb_slam3_ros2_ws/install/orbslam3/share/orbslam3//config/stereo-inertial/TUM_IMU/dataset-magistrale6_512.txt
[0.177s] -- Up-to-date symlink: /home/ole/Dev/project-amado/orb_slam3_ros2_ws/install/orbslam3/share/orbslam3//config/stereo-inertial/TUM_IMU/dataset-outdoors1_512.txt
[0.177s] -- Up-to-date symlink: /home/ole/Dev/project-amado/orb_slam3_ros2_ws/install/orbslam3/share/orbslam3//config/stereo-inertial/TUM_IMU/dataset-outdoors2_512.txt
[0.177s] -- Up-to-date symlink: /home/ole/Dev/project-amado/orb_slam3_ros2_ws/install/orbslam3/share/orbslam3//config/stereo-inertial/TUM_IMU/dataset-outdoors3_512.txt
[0.177s] -- Up-to-date symlink: /home/ole/Dev/project-amado/orb_slam3_ros2_ws/install/orbslam3/share/orbslam3//config/stereo-inertial/TUM_IMU/dataset-outdoors4_512.txt
[0.177s] -- Up-to-date symlink: /home/ole/Dev/project-amado/orb_slam3_ros2_ws/install/orbslam3/share/orbslam3//config/stereo-inertial/TUM_IMU/dataset-outdoors5_512.txt
[0.177s] -- Up-to-date symlink: /home/ole/Dev/project-amado/orb_slam3_ros2_ws/install/orbslam3/share/orbslam3//config/stereo-inertial/TUM_IMU/dataset-outdoors6_512.txt
[0.177s] -- Up-to-date symlink: /home/ole/Dev/project-amado/orb_slam3_ros2_ws/install/orbslam3/share/orbslam3//config/stereo-inertial/TUM_IMU/dataset-outdoors7_512.txt
[0.177s] -- Up-to-date symlink: /home/ole/Dev/project-amado/orb_slam3_ros2_ws/install/orbslam3/share/orbslam3//config/stereo-inertial/TUM_IMU/dataset-outdoors8_512.txt
[0.178s] -- Up-to-date symlink: /home/ole/Dev/project-amado/orb_slam3_ros2_ws/install/orbslam3/share/orbslam3//config/stereo-inertial/TUM_IMU/dataset-room1_512.txt
[0.178s] -- Up-to-date symlink: /home/ole/Dev/project-amado/orb_slam3_ros2_ws/install/orbslam3/share/orbslam3//config/stereo-inertial/TUM_IMU/dataset-room2_512.txt
[0.178s] -- Up-to-date symlink: /home/ole/Dev/project-amado/orb_slam3_ros2_ws/install/orbslam3/share/orbslam3//config/stereo-inertial/TUM_IMU/dataset-room3_512.txt
[0.178s] -- Up-to-date symlink: /home/ole/Dev/project-amado/orb_slam3_ros2_ws/install/orbslam3/share/orbslam3//config/stereo-inertial/TUM_IMU/dataset-room4_512.txt
[0.178s] -- Up-to-date symlink: /home/ole/Dev/project-amado/orb_slam3_ros2_ws/install/orbslam3/share/orbslam3//config/stereo-inertial/TUM_IMU/dataset-room5_512.txt
[0.178s] -- Up-to-date symlink: /home/ole/Dev/project-amado/orb_slam3_ros2_ws/install/orbslam3/share/orbslam3//config/stereo-inertial/TUM_IMU/dataset-room6_512.txt
[0.178s] -- Up-to-date symlink: /home/ole/Dev/project-amado/orb_slam3_ros2_ws/install/orbslam3/share/orbslam3//config/stereo-inertial/TUM_IMU/dataset-slides1_512.txt
[0.178s] -- Up-to-date symlink: /home/ole/Dev/project-amado/orb_slam3_ros2_ws/install/orbslam3/share/orbslam3//config/stereo-inertial/TUM_IMU/dataset-slides2_512.txt
[0.179s] -- Up-to-date symlink: /home/ole/Dev/project-amado/orb_slam3_ros2_ws/install/orbslam3/share/orbslam3//config/stereo-inertial/TUM_IMU/dataset-slides3_512.txt
[0.179s] -- Up-to-date symlink: /home/ole/Dev/project-amado/orb_slam3_ros2_ws/install/orbslam3/share/orbslam3//config/stereo-inertial/TUM_TimeStamps/dataset-corridor1_512.txt
[0.179s] -- Up-to-date symlink: /home/ole/Dev/project-amado/orb_slam3_ros2_ws/install/orbslam3/share/orbslam3//config/stereo-inertial/TUM_TimeStamps/dataset-corridor2_1024.txt
[0.179s] -- Up-to-date symlink: /home/ole/Dev/project-amado/orb_slam3_ros2_ws/install/orbslam3/share/orbslam3//config/stereo-inertial/TUM_TimeStamps/dataset-corridor2_512.txt
[0.179s] -- Up-to-date symlink: /home/ole/Dev/project-amado/orb_slam3_ros2_ws/install/orbslam3/share/orbslam3//config/stereo-inertial/TUM_TimeStamps/dataset-corridor3_512.txt
[0.179s] -- Up-to-date symlink: /home/ole/Dev/project-amado/orb_slam3_ros2_ws/install/orbslam3/share/orbslam3//config/stereo-inertial/TUM_TimeStamps/dataset-corridor4_512.txt
[0.179s] -- Up-to-date symlink: /home/ole/Dev/project-amado/orb_slam3_ros2_ws/install/orbslam3/share/orbslam3//config/stereo-inertial/TUM_TimeStamps/dataset-corridor5_512.txt
[0.179s] -- Up-to-date symlink: /home/ole/Dev/project-amado/orb_slam3_ros2_ws/install/orbslam3/share/orbslam3//config/stereo-inertial/TUM_TimeStamps/dataset-magistrale1_512.txt
[0.179s] -- Up-to-date symlink: /home/ole/Dev/project-amado/orb_slam3_ros2_ws/install/orbslam3/share/orbslam3//config/stereo-inertial/TUM_TimeStamps/dataset-magistrale2_512.txt
[0.179s] -- Up-to-date symlink: /home/ole/Dev/project-amado/orb_slam3_ros2_ws/install/orbslam3/share/orbslam3//config/stereo-inertial/TUM_TimeStamps/dataset-magistrale3_512.txt
[0.179s] -- Up-to-date symlink: /home/ole/Dev/project-amado/orb_slam3_ros2_ws/install/orbslam3/share/orbslam3//config/stereo-inertial/TUM_TimeStamps/dataset-magistrale4_512.txt
[0.179s] -- Up-to-date symlink: /home/ole/Dev/project-amado/orb_slam3_ros2_ws/install/orbslam3/share/orbslam3//config/stereo-inertial/TUM_TimeStamps/dataset-magistrale5_512.txt
[0.179s] -- Up-to-date symlink: /home/ole/Dev/project-amado/orb_slam3_ros2_ws/install/orbslam3/share/orbslam3//config/stereo-inertial/TUM_TimeStamps/dataset-magistrale6_512.txt
[0.179s] -- Up-to-date symlink: /home/ole/Dev/project-amado/orb_slam3_ros2_ws/install/orbslam3/share/orbslam3//config/stereo-inertial/TUM_TimeStamps/dataset-outdoors1_512.txt
[0.179s] -- Up-to-date symlink: /home/ole/Dev/project-amado/orb_slam3_ros2_ws/install/orbslam3/share/orbslam3//config/stereo-inertial/TUM_TimeStamps/dataset-outdoors2_512.txt
[0.179s] -- Up-to-date symlink: /home/ole/Dev/project-amado/orb_slam3_ros2_ws/install/orbslam3/share/orbslam3//config/stereo-inertial/TUM_TimeStamps/dataset-outdoors3_512.txt
[0.179s] -- Up-to-date symlink: /home/ole/Dev/project-amado/orb_slam3_ros2_ws/install/orbslam3/share/orbslam3//config/stereo-inertial/TUM_TimeStamps/dataset-outdoors4_512.txt
[0.179s] -- Up-to-date symlink: /home/ole/Dev/project-amado/orb_slam3_ros2_ws/install/orbslam3/share/orbslam3//config/stereo-inertial/TUM_TimeStamps/dataset-outdoors5_512.txt
[0.179s] -- Up-to-date symlink: /home/ole/Dev/project-amado/orb_slam3_ros2_ws/install/orbslam3/share/orbslam3//config/stereo-inertial/TUM_TimeStamps/dataset-outdoors6_512.txt
[0.179s] -- Up-to-date symlink: /home/ole/Dev/project-amado/orb_slam3_ros2_ws/install/orbslam3/share/orbslam3//config/stereo-inertial/TUM_TimeStamps/dataset-outdoors7_512.txt
[0.179s] -- Up-to-date symlink: /home/ole/Dev/project-amado/orb_slam3_ros2_ws/install/orbslam3/share/orbslam3//config/stereo-inertial/TUM_TimeStamps/dataset-outdoors8_512.txt
[0.179s] -- Up-to-date symlink: /home/ole/Dev/project-amado/orb_slam3_ros2_ws/install/orbslam3/share/orbslam3//config/stereo-inertial/TUM_TimeStamps/dataset-room1_512.txt
[0.179s] -- Up-to-date symlink: /home/ole/Dev/project-amado/orb_slam3_ros2_ws/install/orbslam3/share/orbslam3//config/stereo-inertial/TUM_TimeStamps/dataset-room2_512.txt
[0.179s] -- Up-to-date symlink: /home/ole/Dev/project-amado/orb_slam3_ros2_ws/install/orbslam3/share/orbslam3//config/stereo-inertial/TUM_TimeStamps/dataset-room3_512.txt
[0.179s] -- Up-to-date symlink: /home/ole/Dev/project-amado/orb_slam3_ros2_ws/install/orbslam3/share/orbslam3//config/stereo-inertial/TUM_TimeStamps/dataset-room4_512.txt
[0.179s] -- Up-to-date symlink: /home/ole/Dev/project-amado/orb_slam3_ros2_ws/install/orbslam3/share/orbslam3//config/stereo-inertial/TUM_TimeStamps/dataset-room5_512.txt
[0.180s] -- Up-to-date symlink: /home/ole/Dev/project-amado/orb_slam3_ros2_ws/install/orbslam3/share/orbslam3//config/stereo-inertial/TUM_TimeStamps/dataset-room6_512.txt
[0.180s] -- Up-to-date symlink: /home/ole/Dev/project-amado/orb_slam3_ros2_ws/install/orbslam3/share/orbslam3//config/stereo-inertial/TUM_TimeStamps/dataset-slides1_512.txt
[0.180s] -- Up-to-date symlink: /home/ole/Dev/project-amado/orb_slam3_ros2_ws/install/orbslam3/share/orbslam3//config/stereo-inertial/TUM_TimeStamps/dataset-slides2_512.txt
[0.180s] -- Up-to-date symlink: /home/ole/Dev/project-amado/orb_slam3_ros2_ws/install/orbslam3/share/orbslam3//config/stereo-inertial/TUM_TimeStamps/dataset-slides3_512.txt
[0.181s] -- Up-to-date symlink: /home/ole/Dev/project-amado/orb_slam3_ros2_ws/install/orbslam3/share/orbslam3//config/stereo/EuRoC.yaml
[0.181s] -- Up-to-date symlink: /home/ole/Dev/project-amado/orb_slam3_ros2_ws/install/orbslam3/share/orbslam3//config/stereo/EuRoC_TimeStamps/MH01.txt
[0.181s] -- Up-to-date symlink: /home/ole/Dev/project-amado/orb_slam3_ros2_ws/install/orbslam3/share/orbslam3//config/stereo/EuRoC_TimeStamps/MH02.txt
[0.181s] -- Up-to-date symlink: /home/ole/Dev/project-amado/orb_slam3_ros2_ws/install/orbslam3/share/orbslam3//config/stereo/EuRoC_TimeStamps/MH03.txt
[0.181s] -- Up-to-date symlink: /home/ole/Dev/project-amado/orb_slam3_ros2_ws/install/orbslam3/share/orbslam3//config/stereo/EuRoC_TimeStamps/MH04.txt
[0.182s] -- Up-to-date symlink: /home/ole/Dev/project-amado/orb_slam3_ros2_ws/install/orbslam3/share/orbslam3//config/stereo/EuRoC_TimeStamps/MH05.txt
[0.182s] -- Up-to-date symlink: /home/ole/Dev/project-amado/orb_slam3_ros2_ws/install/orbslam3/share/orbslam3//config/stereo/EuRoC_TimeStamps/V101.txt
[0.182s] -- Up-to-date symlink: /home/ole/Dev/project-amado/orb_slam3_ros2_ws/install/orbslam3/share/orbslam3//config/stereo/EuRoC_TimeStamps/V102.txt
[0.182s] -- Up-to-date symlink: /home/ole/Dev/project-amado/orb_slam3_ros2_ws/install/orbslam3/share/orbslam3//config/stereo/EuRoC_TimeStamps/V103.txt
[0.182s] -- Up-to-date symlink: /home/ole/Dev/project-amado/orb_slam3_ros2_ws/install/orbslam3/share/orbslam3//config/stereo/EuRoC_TimeStamps/V201.txt
[0.182s] -- Up-to-date symlink: /home/ole/Dev/project-amado/orb_slam3_ros2_ws/install/orbslam3/share/orbslam3//config/stereo/EuRoC_TimeStamps/V202.txt
[0.182s] -- Up-to-date symlink: /home/ole/Dev/project-amado/orb_slam3_ros2_ws/install/orbslam3/share/orbslam3//config/stereo/EuRoC_TimeStamps/V203.txt
[0.183s] -- Up-to-date symlink: /home/ole/Dev/project-amado/orb_slam3_ros2_ws/install/orbslam3/share/orbslam3//config/stereo/KITTI00-02.yaml
[0.183s] -- Up-to-date symlink: /home/ole/Dev/project-amado/orb_slam3_ros2_ws/install/orbslam3/share/orbslam3//config/stereo/KITTI03.yaml
[0.183s] -- Up-to-date symlink: /home/ole/Dev/project-amado/orb_slam3_ros2_ws/install/orbslam3/share/orbslam3//config/stereo/KITTI04-12.yaml
[0.183s] -- Up-to-date symlink: /home/ole/Dev/project-amado/orb_slam3_ros2_ws/install/orbslam3/share/orbslam3//config/stereo/MultiSession/EuRoC_MH01.yaml
[0.184s] -- Up-to-date symlink: /home/ole/Dev/project-amado/orb_slam3_ros2_ws/install/orbslam3/share/orbslam3//config/stereo/MultiSession/EuRoC_MH02.yaml
[0.184s] -- Up-to-date symlink: /home/ole/Dev/project-amado/orb_slam3_ros2_ws/install/orbslam3/share/orbslam3//config/stereo/MultiSession/EuRoC_MH03.yaml
[0.184s] -- Up-to-date symlink: /home/ole/Dev/project-amado/orb_slam3_ros2_ws/install/orbslam3/share/orbslam3//config/stereo/MultiSession/EuRoC_MH04.yaml
[0.184s] -- Up-to-date symlink: /home/ole/Dev/project-amado/orb_slam3_ros2_ws/install/orbslam3/share/orbslam3//config/stereo/MultiSession/EuRoC_MH05.yaml
[0.184s] -- Up-to-date symlink: /home/ole/Dev/project-amado/orb_slam3_ros2_ws/install/orbslam3/share/orbslam3//config/stereo/MultiSession/EuRoC_V101.yaml
[0.184s] -- Up-to-date symlink: /home/ole/Dev/project-amado/orb_slam3_ros2_ws/install/orbslam3/share/orbslam3//config/stereo/MultiSession/EuRoC_V102.yaml
[0.184s] -- Up-to-date symlink: /home/ole/Dev/project-amado/orb_slam3_ros2_ws/install/orbslam3/share/orbslam3//config/stereo/MultiSession/EuRoC_V103.yaml
[0.185s] -- Up-to-date symlink: /home/ole/Dev/project-amado/orb_slam3_ros2_ws/install/orbslam3/share/orbslam3//config/stereo/MultiSession/EuRoC_V201.yaml
[0.185s] -- Up-to-date symlink: /home/ole/Dev/project-amado/orb_slam3_ros2_ws/install/orbslam3/share/orbslam3//config/stereo/MultiSession/EuRoC_V202.yaml
[0.185s] -- Up-to-date symlink: /home/ole/Dev/project-amado/orb_slam3_ros2_ws/install/orbslam3/share/orbslam3//config/stereo/MultiSession/EuRoC_V203.yaml
[0.185s] -- Up-to-date symlink: /home/ole/Dev/project-amado/orb_slam3_ros2_ws/install/orbslam3/share/orbslam3//config/stereo/RealSense_D435i.yaml
[0.185s] -- Up-to-date symlink: /home/ole/Dev/project-amado/orb_slam3_ros2_ws/install/orbslam3/share/orbslam3//config/stereo/RealSense_T265.yaml
[0.185s] -- Up-to-date symlink: /home/ole/Dev/project-amado/orb_slam3_ros2_ws/install/orbslam3/share/orbslam3//config/stereo/TUM-VI.yaml
[0.186s] -- Up-to-date symlink: /home/ole/Dev/project-amado/orb_slam3_ros2_ws/install/orbslam3/share/orbslam3//config/stereo/TUM_TimeStamps/dataset-corridor1_512.txt
[0.186s] -- Up-to-date symlink: /home/ole/Dev/project-amado/orb_slam3_ros2_ws/install/orbslam3/share/orbslam3//config/stereo/TUM_TimeStamps/dataset-corridor2_1024.txt
[0.186s] -- Up-to-date symlink: /home/ole/Dev/project-amado/orb_slam3_ros2_ws/install/orbslam3/share/orbslam3//config/stereo/TUM_TimeStamps/dataset-corridor2_512.txt
[0.186s] -- Up-to-date symlink: /home/ole/Dev/project-amado/orb_slam3_ros2_ws/install/orbslam3/share/orbslam3//config/stereo/TUM_TimeStamps/dataset-corridor3_512.txt
[0.186s] -- Up-to-date symlink: /home/ole/Dev/project-amado/orb_slam3_ros2_ws/install/orbslam3/share/orbslam3//config/stereo/TUM_TimeStamps/dataset-corridor4_512.txt
[0.187s] -- Up-to-date symlink: /home/ole/Dev/project-amado/orb_slam3_ros2_ws/install/orbslam3/share/orbslam3//config/stereo/TUM_TimeStamps/dataset-corridor5_512.txt
[0.187s] -- Up-to-date symlink: /home/ole/Dev/project-amado/orb_slam3_ros2_ws/install/orbslam3/share/orbslam3//config/stereo/TUM_TimeStamps/dataset-magistrale1_512.txt
[0.187s] -- Up-to-date symlink: /home/ole/Dev/project-amado/orb_slam3_ros2_ws/install/orbslam3/share/orbslam3//config/stereo/TUM_TimeStamps/dataset-magistrale2_512.txt
[0.187s] -- Up-to-date symlink: /home/ole/Dev/project-amado/orb_slam3_ros2_ws/install/orbslam3/share/orbslam3//config/stereo/TUM_TimeStamps/dataset-magistrale3_512.txt
[0.187s] -- Up-to-date symlink: /home/ole/Dev/project-amado/orb_slam3_ros2_ws/install/orbslam3/share/orbslam3//config/stereo/TUM_TimeStamps/dataset-magistrale4_512.txt
[0.187s] -- Up-to-date symlink: /home/ole/Dev/project-amado/orb_slam3_ros2_ws/install/orbslam3/share/orbslam3//config/stereo/TUM_TimeStamps/dataset-magistrale5_512.txt
[0.187s] -- Up-to-date symlink: /home/ole/Dev/project-amado/orb_slam3_ros2_ws/install/orbslam3/share/orbslam3//config/stereo/TUM_TimeStamps/dataset-magistrale6_512.txt
[0.187s] -- Up-to-date symlink: /home/ole/Dev/project-amado/orb_slam3_ros2_ws/install/orbslam3/share/orbslam3//config/stereo/TUM_TimeStamps/dataset-outdoors1_512.txt
[0.187s] -- Up-to-date symlink: /home/ole/Dev/project-amado/orb_slam3_ros2_ws/install/orbslam3/share/orbslam3//config/stereo/TUM_TimeStamps/dataset-outdoors2_512.txt
[0.187s] -- Up-to-date symlink: /home/ole/Dev/project-amado/orb_slam3_ros2_ws/install/orbslam3/share/orbslam3//config/stereo/TUM_TimeStamps/dataset-outdoors3_512.txt
[0.187s] -- Up-to-date symlink: /home/ole/Dev/project-amado/orb_slam3_ros2_ws/install/orbslam3/share/orbslam3//config/stereo/TUM_TimeStamps/dataset-outdoors4_512.txt
[0.187s] -- Up-to-date symlink: /home/ole/Dev/project-amado/orb_slam3_ros2_ws/install/orbslam3/share/orbslam3//config/stereo/TUM_TimeStamps/dataset-outdoors5_512.txt
[0.188s] -- Up-to-date symlink: /home/ole/Dev/project-amado/orb_slam3_ros2_ws/install/orbslam3/share/orbslam3//config/stereo/TUM_TimeStamps/dataset-outdoors6_512.txt
[0.188s] -- Up-to-date symlink: /home/ole/Dev/project-amado/orb_slam3_ros2_ws/install/orbslam3/share/orbslam3//config/stereo/TUM_TimeStamps/dataset-outdoors7_512.txt
[0.188s] -- Up-to-date symlink: /home/ole/Dev/project-amado/orb_slam3_ros2_ws/install/orbslam3/share/orbslam3//config/stereo/TUM_TimeStamps/dataset-outdoors8_512.txt
[0.188s] -- Up-to-date symlink: /home/ole/Dev/project-amado/orb_slam3_ros2_ws/install/orbslam3/share/orbslam3//config/stereo/TUM_TimeStamps/dataset-room1_512.txt
[0.188s] -- Up-to-date symlink: /home/ole/Dev/project-amado/orb_slam3_ros2_ws/install/orbslam3/share/orbslam3//config/stereo/TUM_TimeStamps/dataset-room2_512.txt
[0.188s] -- Up-to-date symlink: /home/ole/Dev/project-amado/orb_slam3_ros2_ws/install/orbslam3/share/orbslam3//config/stereo/TUM_TimeStamps/dataset-room3_512.txt
[0.188s] -- Up-to-date symlink: /home/ole/Dev/project-amado/orb_slam3_ros2_ws/install/orbslam3/share/orbslam3//config/stereo/TUM_TimeStamps/dataset-room4_512.txt
[0.188s] -- Up-to-date symlink: /home/ole/Dev/project-amado/orb_slam3_ros2_ws/install/orbslam3/share/orbslam3//config/stereo/TUM_TimeStamps/dataset-room5_512.txt
[0.189s] -- Up-to-date symlink: /home/ole/Dev/project-amado/orb_slam3_ros2_ws/install/orbslam3/share/orbslam3//config/stereo/TUM_TimeStamps/dataset-room6_512.txt
[0.189s] -- Up-to-date symlink: /home/ole/Dev/project-amado/orb_slam3_ros2_ws/install/orbslam3/share/orbslam3//config/stereo/TUM_TimeStamps/dataset-slides1_512.txt
[0.189s] -- Up-to-date symlink: /home/ole/Dev/project-amado/orb_slam3_ros2_ws/install/orbslam3/share/orbslam3//config/stereo/TUM_TimeStamps/dataset-slides2_512.txt
[0.189s] -- Up-to-date symlink: /home/ole/Dev/project-amado/orb_slam3_ros2_ws/install/orbslam3/share/orbslam3//config/stereo/TUM_TimeStamps/dataset-slides3_512.txt
[0.189s] -- Up-to-date symlink: /home/ole/Dev/project-amado/orb_slam3_ros2_ws/install/orbslam3/share/orbslam3//vocabulary/ORBvoc.txt
[0.189s] -- Up-to-date symlink: /home/ole/Dev/project-amado/orb_slam3_ros2_ws/install/orbslam3/share/orbslam3//vocabulary/ORBvoc.txt.tar.gz
[0.189s] -- Up-to-date symlink: /home/ole/Dev/project-amado/orb_slam3_ros2_ws/install/orbslam3/share/ament_index/resource_index/package_run_dependencies/orbslam3
[0.189s] -- Up-to-date symlink: /home/ole/Dev/project-amado/orb_slam3_ros2_ws/install/orbslam3/share/ament_index/resource_index/parent_prefix_path/orbslam3
[0.190s] -- Up-to-date symlink: /home/ole/Dev/project-amado/orb_slam3_ros2_ws/install/orbslam3/share/orbslam3/environment/ament_prefix_path.sh
[0.190s] -- Up-to-date symlink: /home/ole/Dev/project-amado/orb_slam3_ros2_ws/install/orbslam3/share/orbslam3/environment/ament_prefix_path.dsv
[0.190s] -- Up-to-date symlink: /home/ole/Dev/project-amado/orb_slam3_ros2_ws/install/orbslam3/share/orbslam3/environment/path.sh
[0.190s] -- Up-to-date symlink: /home/ole/Dev/project-amado/orb_slam3_ros2_ws/install/orbslam3/share/orbslam3/environment/path.dsv
[0.190s] -- Up-to-date symlink: /home/ole/Dev/project-amado/orb_slam3_ros2_ws/install/orbslam3/share/orbslam3/local_setup.bash
[0.190s] -- Up-to-date symlink: /home/ole/Dev/project-amado/orb_slam3_ros2_ws/install/orbslam3/share/orbslam3/local_setup.sh
[0.190s] -- Up-to-date symlink: /home/ole/Dev/project-amado/orb_slam3_ros2_ws/install/orbslam3/share/orbslam3/local_setup.zsh
[0.190s] -- Up-to-date symlink: /home/ole/Dev/project-amado/orb_slam3_ros2_ws/install/orbslam3/share/orbslam3/local_setup.dsv
[0.190s] -- Symlinking: /home/ole/Dev/project-amado/orb_slam3_ros2_ws/install/orbslam3/share/orbslam3/package.dsv
[0.190s] -- Up-to-date symlink: /home/ole/Dev/project-amado/orb_slam3_ros2_ws/install/orbslam3/share/ament_index/resource_index/packages/orbslam3
[0.190s] -- Up-to-date symlink: /home/ole/Dev/project-amado/orb_slam3_ros2_ws/install/orbslam3/share/orbslam3/cmake/orbslam3Config.cmake
[0.191s] -- Up-to-date symlink: /home/ole/Dev/project-amado/orb_slam3_ros2_ws/install/orbslam3/share/orbslam3/cmake/orbslam3Config-version.cmake
[0.191s] -- Up-to-date symlink: /home/ole/Dev/project-amado/orb_slam3_ros2_ws/install/orbslam3/share/orbslam3/package.xml
[0.191s] Invoked command in '/home/ole/Dev/project-amado/orb_slam3_ros2_ws/build/orbslam3' returned '0': CMAKE_PREFIX_PATH=${CMAKE_PREFIX_PATH}:/home/ole/Dev/project-amado/tentone-tello-ros2-main/workspace/install/tello:/opt/ros/humble /usr/bin/cmake --install /home/ole/Dev/project-amado/orb_slam3_ros2_ws/build/orbslam3
